\BOOKMARK [0][-]{chapter.1}{\376\377\000I\000n\000t\000r\000o\000d\000u\000c\000c\000i\000\363\000n}{}% 1
\BOOKMARK [1][-]{section.1.1}{\376\377\000E\000j\000e\000m\000p\000l\000o\000\040\000d\000e\000\040\000S\000e\000c\000c\000i\000\363\000n}{chapter.1}% 2
\BOOKMARK [1][-]{section.1.2}{\376\377\000O\000t\000r\000a\000\040\000s\000e\000c\000c\000i\000\363\000n}{chapter.1}% 3
\BOOKMARK [2][-]{subsection.1.2.1}{\376\377\000S\000u\000b\000s\000e\000c\000c\000i\000\363\000n}{section.1.2}% 4
\BOOKMARK [3][-]{subsubsection.1.2.1.1}{\376\377\000S\000u\000b\000s\000u\000b\000s\000e\000c\000c\000i\000\363\000n}{subsection.1.2.1}% 5
\BOOKMARK [2][-]{subsection.1.2.2}{\376\377\000S\000u\000b\000s\000e\000c\000c\000i\000\363\000n}{section.1.2}% 6
\BOOKMARK [0][-]{chapter.2}{\376\377\000M\000a\000r\000c\000o\000\040\000T\000e\000\363\000r\000i\000c\000o}{}% 7
\BOOKMARK [1][-]{section.2.1}{\376\377\000S\000o\000f\000t\000w\000a\000r\000e\000\040\000D\000e\000f\000i\000n\000e\000d\000\040\000N\000e\000t\000w\000o\000r\000k\000i\000n\000g}{chapter.2}% 8
\BOOKMARK [1][-]{section.2.2}{\376\377\000O\000p\000e\000n\000f\000l\000o\000w}{chapter.2}% 9
\BOOKMARK [1][-]{section.2.3}{\376\377\000O\000p\000e\000n\000\040\000v\000S\000w\000i\000t\000c\000h}{chapter.2}% 10
\BOOKMARK [1][-]{section.2.4}{\376\377\000M\000u\000l\000t\000i\000c\000a\000s\000t}{chapter.2}% 11
\BOOKMARK [2][-]{subsection.2.4.1}{\376\377\000M\000u\000l\000t\000i\000c\000a\000s\000t\000\040\000e\000n\000\040\000C\000a\000p\000a\000\040\0002}{section.2.4}% 12
\BOOKMARK [2][-]{subsection.2.4.2}{\376\377\000M\000u\000l\000t\000i\000c\000a\000s\000t\000\040\000e\000n\000\040\000C\000a\000p\000a\000\040\0003\000:\000\040\000I\000P\000\040\000M\000u\000l\000t\000i\000c\000a\000s\000t}{section.2.4}% 13
\BOOKMARK [1][-]{section.2.5}{\376\377\000I\000n\000t\000e\000r\000n\000e\000t\000\040\000G\000r\000o\000u\000p\000\040\000M\000a\000n\000a\000g\000e\000m\000e\000n\000t\000\040\000P\000r\000o\000t\000o\000c\000o\000l\000\040\000\050\000I\000G\000M\000P\000\051}{chapter.2}% 14
\BOOKMARK [2][-]{subsection.2.5.1}{\376\377\000I\000G\000M\000P\000v\0001}{section.2.5}% 15
\BOOKMARK [2][-]{subsection.2.5.2}{\376\377\000I\000G\000M\000P\000v\0002}{section.2.5}% 16
\BOOKMARK [2][-]{subsection.2.5.3}{\376\377\000I\000G\000M\000P\000v\0003}{section.2.5}% 17
\BOOKMARK [2][-]{subsection.2.5.4}{\376\377\000P\000r\000o\000t\000o\000c\000o\000l\000o\000s\000\040\000d\000e\000\040\000e\000n\000r\000u\000t\000a\000m\000i\000e\000n\000t\000o}{section.2.5}% 18
\BOOKMARK [1][-]{section.2.6}{\376\377\000P\000r\000o\000t\000o\000c\000o\000l\000\040\000I\000n\000d\000e\000p\000e\000n\000d\000e\000n\000t\000\040\000M\000u\000l\000t\000i\000c\000a\000s\000t\000\040\000\050\000P\000I\000M\000\051}{chapter.2}% 19
\BOOKMARK [2][-]{subsection.2.6.1}{\376\377\000P\000I\000M\000\040\000S\000p\000a\000r\000s\000e\000\040\000M\000o\000d\000e}{section.2.6}% 20
\BOOKMARK [2][-]{subsection.2.6.2}{\376\377\000P\000I\000M\000\040\000D\000e\000n\000s\000e\000\040\000M\000o\000d\000e}{section.2.6}% 21
\BOOKMARK [2][-]{subsection.2.6.3}{\376\377\000M\000o\000d\000e\000l\000o\000s\000\040\000d\000e\000\040\000c\000o\000m\000u\000i\000c\000a\000c\000i\000\363\000n}{section.2.6}% 22
\BOOKMARK [1][-]{section.2.7}{\376\377\000O\000p\000e\000n\000\040\000v\000S\000w\000i\000t\000c\000h}{chapter.2}% 23
\BOOKMARK [1][-]{section.2.8}{\376\377\000M\000i\000n\000i\000n\000e\000t}{chapter.2}% 24
\BOOKMARK [1][-]{section.2.9}{\376\377\000C\000o\000n\000t\000r\000o\000l\000a\000d\000o\000r\000\040\000R\000Y\000U}{chapter.2}% 25
\BOOKMARK [0][-]{chapter.3}{\376\377\000O\000t\000r\000o\000\040\000C\000a\000p\000\355\000t\000u\000l\000o}{}% 26
\BOOKMARK [1][-]{section.3.1}{\376\377\000O\000t\000r\000a\000\040\000S\000e\000c\000c\000i\000\363\000n}{chapter.3}% 27
\BOOKMARK [2][-]{subsection.3.1.1}{\376\377\000O\000t\000r\000a\000\040\000S\000u\000b\000s\000e\000c\000c\000i\000\363\000n}{section.3.1}% 28
\BOOKMARK [0][-]{chapter.4}{\376\377\000C\000o\000n\000c\000l\000u\000s\000i\000o\000n\000e\000s}{}% 29
\BOOKMARK [0][-]{chapter.5}{\376\377\000B\000i\000b\000l\000i\000o\000g\000r\000a\000f\000\355\000a}{}% 30
\BOOKMARK [0][-]{appendix.Alph1}{\376\377\000N\000o\000m\000b\000r\000e\000\040\000d\000e\000l\000\040\000A\000p\000\351\000n\000d\000i\000c\000e\000\040\0001}{}% 31
\BOOKMARK [1][-]{section.Alph1.1}{\376\377\000U\000n\000a\000\040\000S\000e\000c\000c\000i\000\363\000n}{appendix.Alph1}% 32
\BOOKMARK [2][-]{subsection.Alph1.1.1}{\376\377\000U\000n\000a\000\040\000S\000u\000b\000s\000e\000c\000c\000i\000\363\000n}{section.Alph1.1}% 33
\BOOKMARK [0][-]{appendix.Alph2}{\376\377\000N\000o\000m\000b\000r\000e\000\040\000d\000e\000l\000\040\000A\000p\000\351\000n\000d\000i\000c\000e\000\040\0002}{}% 34
