\BOOKMARK [0][-]{chapter.1}{\376\377\000I\000n\000t\000r\000o\000d\000u\000c\000c\000i\000\363\000n}{}% 1
\BOOKMARK [1][-]{section.1.1}{\376\377\000M\000o\000t\000i\000v\000a\000c\000i\000\363\000n\000.}{chapter.1}% 2
\BOOKMARK [2][-]{subsection.1.1.1}{\376\377\000C\000a\000s\000o\000s\000\040\000d\000e\000\040\000u\000s\000o\000.}{section.1.1}% 3
\BOOKMARK [1][-]{section.1.2}{\376\377\000O\000b\000j\000e\000t\000i\000v\000o\000s\000.}{chapter.1}% 4
\BOOKMARK [2][-]{subsection.1.2.1}{\376\377\000O\000b\000j\000e\000t\000i\000v\000o\000s\000\040\000i\000n\000i\000c\000i\000a\000l\000e\000s\000.}{section.1.2}% 5
\BOOKMARK [2][-]{subsection.1.2.2}{\376\377\000E\000v\000o\000l\000u\000c\000i\000\363\000n\000\040\000d\000e\000\040\000l\000o\000s\000\040\000o\000b\000j\000e\000t\000i\000v\000o\000s\000.}{section.1.2}% 6
\BOOKMARK [2][-]{subsection.1.2.3}{\376\377\000O\000b\000j\000e\000t\000i\000v\000o\000s\000\040\000f\000i\000n\000a\000l\000e\000s}{section.1.2}% 7
\BOOKMARK [1][-]{section.1.3}{\376\377\000E\000n\000f\000o\000q\000u\000e\000s\000\040\000y\000\040\000e\000s\000t\000u\000d\000i\000o\000\040\000d\000e\000\040\000i\000d\000e\000a\000s\000.}{chapter.1}% 8
\BOOKMARK [1][-]{section.1.4}{\376\377\000P\000l\000a\000n\000\040\000d\000e\000\040\000e\000j\000e\000c\000u\000c\000i\000\363\000n\000.}{chapter.1}% 9
\BOOKMARK [2][-]{subsection.1.4.1}{\376\377\000E\000t\000a\000p\000a\000\040\000d\000e\000\040\000i\000n\000v\000e\000s\000t\000i\000g\000a\000c\000i\000\363\000n\000.}{section.1.4}% 10
\BOOKMARK [2][-]{subsection.1.4.2}{\376\377\000E\000l\000e\000c\000c\000i\000\363\000n\000\040\000d\000e\000\040\000r\000e\000c\000u\000r\000s\000o\000s\000\040\000y\000\040\000h\000e\000r\000r\000a\000m\000i\000e\000n\000t\000a\000s\000.}{section.1.4}% 11
\BOOKMARK [2][-]{subsection.1.4.3}{\376\377\000E\000t\000a\000p\000a\000\040\000d\000e\000\040\000d\000e\000s\000a\000r\000r\000o\000l\000l\000o\000.}{section.1.4}% 12
\BOOKMARK [2][-]{subsection.1.4.4}{\376\377\000E\000t\000a\000p\000a\000\040\000d\000e\000\040\000p\000r\000u\000e\000b\000a\000s\000.}{section.1.4}% 13
\BOOKMARK [1][-]{section.1.5}{\376\377\000L\000e\000c\000c\000i\000o\000n\000e\000s\000\040\000a\000p\000r\000e\000n\000d\000i\000d\000a\000s\000.}{chapter.1}% 14
\BOOKMARK [0][-]{chapter.2}{\376\377\000M\000a\000r\000c\000o\000\040\000T\000e\000\363\000r\000i\000c\000o}{}% 15
\BOOKMARK [1][-]{section.2.1}{\376\377\000S\000o\000f\000t\000w\000a\000r\000e\000\040\000D\000e\000f\000i\000n\000e\000d\000\040\000N\000e\000t\000w\000o\000r\000k\000i\000n\000g}{chapter.2}% 16
\BOOKMARK [1][-]{section.2.2}{\376\377\000O\000p\000e\000n\000f\000l\000o\000w}{chapter.2}% 17
\BOOKMARK [2][-]{subsection.2.2.1}{\376\377\000O\000p\000e\000n\000f\000l\000o\000w\000\040\0001\000.\0003}{section.2.2}% 18
\BOOKMARK [1][-]{section.2.3}{\376\377\000M\000u\000l\000t\000i\000c\000a\000s\000t}{chapter.2}% 19
\BOOKMARK [2][-]{subsection.2.3.1}{\376\377\000M\000u\000l\000t\000i\000c\000a\000s\000t\000\040\000e\000n\000\040\000C\000a\000p\000a\000\040\0002}{section.2.3}% 20
\BOOKMARK [2][-]{subsection.2.3.2}{\376\377\000M\000u\000l\000t\000i\000c\000a\000s\000t\000\040\000e\000n\000\040\000C\000a\000p\000a\000\040\0003\000:\000\040\000I\000P\000\040\000M\000u\000l\000t\000i\000c\000a\000s\000t}{section.2.3}% 21
\BOOKMARK [1][-]{section.2.4}{\376\377\000I\000n\000t\000e\000r\000n\000e\000t\000\040\000G\000r\000o\000u\000p\000\040\000M\000a\000n\000a\000g\000e\000m\000e\000n\000t\000\040\000P\000r\000o\000t\000o\000c\000o\000l}{chapter.2}% 22
\BOOKMARK [2][-]{subsection.2.4.1}{\376\377\000I\000G\000M\000P\000v\0001}{section.2.4}% 23
\BOOKMARK [2][-]{subsection.2.4.2}{\376\377\000I\000G\000M\000P\000v\0002}{section.2.4}% 24
\BOOKMARK [2][-]{subsection.2.4.3}{\376\377\000I\000G\000M\000P\000v\0003}{section.2.4}% 25
\BOOKMARK [2][-]{subsection.2.4.4}{\376\377\000P\000r\000o\000t\000o\000c\000o\000l\000o\000s\000\040\000d\000e\000\040\000e\000n\000r\000u\000t\000a\000m\000i\000e\000n\000t\000o}{section.2.4}% 26
\BOOKMARK [1][-]{section.2.5}{\376\377\000P\000r\000o\000t\000o\000c\000o\000l\000\040\000I\000n\000d\000e\000p\000e\000n\000d\000e\000n\000t\000\040\000M\000u\000l\000t\000i\000c\000a\000s\000t\000\040\000\050\000P\000I\000M\000\051}{chapter.2}% 27
\BOOKMARK [2][-]{subsection.2.5.1}{\376\377\000P\000I\000M\000\040\000S\000p\000a\000r\000s\000e\000\040\000M\000o\000d\000e}{section.2.5}% 28
\BOOKMARK [2][-]{subsection.2.5.2}{\376\377\000P\000I\000M\000\040\000D\000e\000n\000s\000e\000\040\000M\000o\000d\000e}{section.2.5}% 29
\BOOKMARK [2][-]{subsection.2.5.3}{\376\377\000M\000o\000d\000e\000l\000o\000s\000\040\000d\000e\000\040\000c\000o\000m\000u\000i\000c\000a\000c\000i\000\363\000n}{section.2.5}% 30
\BOOKMARK [1][-]{section.2.6}{\376\377\000O\000p\000e\000n\000\040\000v\000S\000w\000i\000t\000c\000h}{chapter.2}% 31
\BOOKMARK [1][-]{section.2.7}{\376\377\000M\000i\000n\000i\000n\000e\000t}{chapter.2}% 32
\BOOKMARK [1][-]{section.2.8}{\376\377\000C\000o\000n\000t\000r\000o\000l\000a\000d\000o\000r\000\040\000R\000Y\000U}{chapter.2}% 33
\BOOKMARK [0][-]{chapter.3}{\376\377\000D\000i\000s\000e\000\361\000o\000\040\000d\000e\000l\000\040\000s\000i\000s\000t\000e\000m\000a\000.}{}% 34
\BOOKMARK [1][-]{section.3.1}{\376\377\000F\000u\000n\000c\000i\000o\000n\000a\000l\000i\000d\000a\000d\000e\000s\000\040\000d\000e\000l\000\040\000s\000i\000s\000t\000e\000m\000a\000.}{chapter.3}% 35
\BOOKMARK [1][-]{section.3.2}{\376\377\000A\000r\000q\000u\000i\000t\000e\000c\000t\000u\000r\000a\000\040\000d\000e\000l\000\040\000s\000i\000s\000t\000e\000m\000a\000.}{chapter.3}% 36
\BOOKMARK [1][-]{section.3.3}{\376\377\000T\000o\000p\000o\000l\000o\000g\000\355\000a\000s\000.}{chapter.3}% 37
\BOOKMARK [2][-]{subsection.3.3.1}{\376\377\000T\000o\000p\000o\000l\000o\000g\000\355\000a\000s\000\040\000l\000i\000n\000e\000a\000l\000e\000s\000.}{section.3.3}% 38
\BOOKMARK [2][-]{subsection.3.3.2}{\376\377\000T\000o\000p\000o\000l\000o\000g\000\355\000a\000s\000\040\000"\000\341\000r\000b\000o\000l\000"\000.}{section.3.3}% 39
\BOOKMARK [2][-]{subsection.3.3.3}{\376\377\000T\000o\000p\000o\000l\000o\000g\000\355\000a\000s\000\040\000c\000o\000n\000\040\000l\000o\000o\000p\000s\000.}{section.3.3}% 40
\BOOKMARK [2][-]{subsection.3.3.4}{\376\377\000T\000o\000p\000o\000l\000o\000g\000\355\000a\000s\000\040\000f\000u\000l\000l\000\040\000m\000e\000s\000h\000.}{section.3.3}% 41
\BOOKMARK [1][-]{section.3.4}{\376\377\000C\000o\000n\000t\000r\000o\000l\000l\000a\000d\000o\000r\000\040\000S\000D\000N\000.}{chapter.3}% 42
\BOOKMARK [2][-]{subsection.3.4.1}{\376\377\000F\000u\000n\000c\000i\000o\000n\000a\000l\000i\000d\000a\000d\000e\000s\000\040\000d\000e\000l\000\040\000c\000o\000n\000t\000r\000o\000l\000l\000a\000d\000o\000r\000.}{section.3.4}% 43
\BOOKMARK [2][-]{subsection.3.4.2}{\376\377\000L\000i\000b\000r\000e\000r\000\355\000a\000s\000\040\000R\000Y\000U\000.}{section.3.4}% 44
\BOOKMARK [3][-]{subsubsection.3.4.2.1}{\376\377\000L\000i\000b\000r\000e\000r\000\355\000a\000\040\000i\000g\000m\000p\000.\000p\000y\000.}{subsection.3.4.2}% 45
\BOOKMARK [3][-]{subsubsection.3.4.2.2}{\376\377\000D\000e\000s\000a\000r\000r\000o\000l\000l\000o\000\040\000p\000a\000r\000a\000l\000e\000l\000o\000\040\000a\000\040\000i\000g\000m\000p\000l\000i\000b\000.\000p\000y\000.}{subsection.3.4.2}% 46
\BOOKMARK [1][-]{section.3.5}{\376\377\000M\000e\000n\000\372\000\040\000i\000n\000i\000c\000i\000a\000l\000.}{chapter.3}% 47
\BOOKMARK [0][-]{chapter.4}{\376\377\000D\000e\000s\000a\000r\000r\000o\000l\000l\000o\000\040\000d\000e\000l\000\040\000s\000i\000s\000t\000e\000m\000a\000.}{}% 48
\BOOKMARK [1][-]{section.4.1}{\376\377\000C\000o\000n\000t\000r\000o\000l\000l\000a\000d\000o\000r\000.}{chapter.4}% 49
\BOOKMARK [1][-]{section.4.2}{\376\377\000M\000e\000n\000u\000\040\000i\000n\000i\000c\000i\000a\000l\000.}{chapter.4}% 50
\BOOKMARK [1][-]{section.4.3}{\376\377\000S\000c\000r\000i\000p\000t\000s\000\040\000a\000u\000x\000i\000l\000i\000a\000r\000e\000s\000.}{chapter.4}% 51
\BOOKMARK [2][-]{subsection.4.3.1}{\376\377\000A\000p\000p\000\040\000c\000r\000e\000a\000\040\000j\000s\000o\000n}{section.4.3}% 52
\BOOKMARK [2][-]{subsection.4.3.2}{\376\377\000A\000l\000g\000o\000r\000i\000t\000m\000o\000\040\000D\000i\000j\000k\000s\000t\000r\000a}{section.4.3}% 53
\BOOKMARK [2][-]{subsection.4.3.3}{\376\377\000L\000e\000e\000r\000\040\000t\000o\000p\000o\000\040\000j\000s\000o\000n}{section.4.3}% 54
\BOOKMARK [2][-]{subsection.4.3.4}{\376\377\000S\000t\000r\000e\000a\000m\000i\000n\000g\000\040\000y\000\040\000r\000e\000c\000e\000p\000c\000i\000\363\000n\000\040\000d\000e\000\040\000c\000o\000n\000t\000e\000n\000i\000d\000o\000.}{section.4.3}% 55
\BOOKMARK [2][-]{subsection.4.3.5}{\376\377\000I\000m\000p\000r\000e\000s\000i\000\363\000n\000\040\000d\000e\000\040\000i\000n\000f\000o\000r\000m\000a\000c\000i\000\363\000n\000\040\000O\000p\000e\000n\000f\000l\000o\000w\000.}{section.4.3}% 56
\BOOKMARK [0][-]{chapter.5}{\376\377\000P\000r\000u\000e\000b\000a\000s\000\040\000y\000\040\000r\000e\000s\000u\000l\000t\000a\000d\000o\000s\000.}{}% 57
\BOOKMARK [1][-]{section.5.1}{\376\377\000T\000o\000p\000o\000l\000o\000g\000\355\000a\000s\000\040\000l\000i\000n\000e\000a\000l\000e\000s\000.}{chapter.5}% 58
\BOOKMARK [2][-]{subsection.5.1.1}{\376\377\000T\000o\000p\000o\000l\000o\000g\000\355\000a\000\040\000l\000i\000n\000e\000a\000l\000\040\000d\000e\000\040\0002\000\040\000s\000w\000i\000t\000c\000h\000e\000s\000.}{section.5.1}% 59
\BOOKMARK [3][-]{subsubsection.5.1.1.1}{\376\377\000C\000a\000s\000o\000\040\000d\000e\000\040\000p\000r\000u\000e\000b\000a\000\040\0001\000:\000\040\000f\000o\000r\000m\000a\000c\000i\000\363\000n\000\040\000d\000e\000\040\000u\000n\000\040\000g\000r\000u\000p\000o\000\040\000M\000u\000l\000t\000i\000c\000a\000s\000t\000.}{subsection.5.1.1}% 60
\BOOKMARK [3][-]{subsubsection.5.1.1.2}{\376\377\000C\000a\000s\000o\000\040\000d\000e\000\040\000p\000r\000u\000e\000b\000a\000\040\0002\000:\000\040\000S\000t\000r\000e\000a\000m\000i\000n\000g\000\040\000d\000e\000\040\000v\000i\000d\000e\000o\000\040\000e\000n\000\040\000d\000o\000s\000\040\000g\000r\000u\000p\000o\000s\000\040\000M\000u\000l\000t\000i\000c\000a\000s\000t\000\040\000i\000n\000d\000e\000p\000e\000n\000d\000i\000e\000n\000t\000e\000s\000.}{subsection.5.1.1}% 61
\BOOKMARK [3][-]{subsubsection.5.1.1.3}{\376\377\000C\000a\000s\000o\000\040\000d\000e\000\040\000p\000r\000u\000e\000b\000a\000\040\0003\000:\000\040\000a\000b\000a\000n\000d\000o\000n\000o\000\040\000d\000e\000\040\000g\000r\000u\000p\000o\000\040\000M\000u\000l\000t\000i\000c\000a\000s\000t}{subsection.5.1.1}% 62
\BOOKMARK [3][-]{subsubsection.5.1.1.4}{\376\377\000C\000a\000s\000o\000\040\000d\000e\000\040\000p\000r\000u\000e\000b\000a\000\040\0004\000:\000\040\000e\000l\000i\000m\000i\000n\000a\000c\000i\000\363\000n\000\040\000d\000e\000\040\000g\000r\000u\000p\000o\000\040\000M\000u\000l\000t\000i\000c\000a\000s\000t\000.}{subsection.5.1.1}% 63
\BOOKMARK [2][-]{subsection.5.1.2}{\376\377\000T\000o\000p\000o\000l\000o\000g\000\355\000a\000\040\000l\000i\000n\000e\000a\000l\000\040\000d\000e\000\040\0001\0000\000\040\000s\000w\000i\000t\000c\000h\000e\000s\000.}{section.5.1}% 64
\BOOKMARK [3][-]{subsubsection.5.1.2.1}{\376\377\000C\000a\000s\000o\000\040\000d\000e\000\040\000p\000r\000u\000e\000b\000a\000\040\0001\000:\000\040\000S\000t\000r\000e\000a\000m\000i\000n\000g\000\040\000d\000e\000\040\000v\000i\000d\000e\000o\000\040\000e\000n\000\040\0003\000\040\000g\000r\000u\000p\000o\000s\000\040\000M\000u\000l\000t\000i\000c\000a\000s\000t\000\040\000e\000n\000\040\000s\000i\000m\000u\000l\000t\000\341\000n\000e\000o\000.}{subsection.5.1.2}% 65
\BOOKMARK [3][-]{subsubsection.5.1.2.2}{\376\377\000C\000a\000s\000o\000\040\000d\000e\000\040\000p\000r\000u\000e\000b\000a\000\040\0002\000:\000\040\000a\000b\000a\000n\000d\000o\000n\000o\000\040\000d\000e\000\040\000g\000r\000u\000p\000o\000\040\000M\000u\000l\000t\000i\000c\000a\000s\000t}{subsection.5.1.2}% 66
\BOOKMARK [3][-]{subsubsection.5.1.2.3}{\376\377\000C\000a\000s\000o\000\040\000d\000e\000\040\000p\000r\000u\000e\000b\000a\000\040\0003\000:\000\040\000e\000l\000i\000m\000i\000n\000a\000c\000i\000\363\000n\000\040\000d\000e\000\040\000g\000r\000u\000p\000o\000\040\000M\000u\000l\000t\000i\000c\000a\000s\000t}{subsection.5.1.2}% 67
\BOOKMARK [3][-]{subsubsection.5.1.2.4}{\376\377\000C\000a\000s\000o\000\040\000d\000e\000\040\000p\000r\000u\000e\000b\000a\000\040\0005\000:\000\040\000e\000f\000e\000c\000t\000o\000\040\000d\000e\000\040\000l\000a\000\040\000b\000a\000j\000a\000\040\000d\000e\000\040\000u\000n\000\040\000e\000n\000l\000a\000c\000e\000.}{subsection.5.1.2}% 68
\BOOKMARK [1][-]{section.5.2}{\376\377\000T\000o\000p\000o\000l\000o\000g\000\355\000a\000s\000\040\000d\000e\000\040\000`\000`\000\341\000r\000b\000o\000l\000'\000'\000.}{chapter.5}% 69
\BOOKMARK [2][-]{subsection.5.2.1}{\376\377\000T\000o\000p\000o\000l\000o\000g\000\355\000a\000\040\000d\000e\000\040\000\341\000r\000b\000o\000l\000\040\000c\000o\000n\000\040\0003\000\040\000r\000a\000m\000i\000f\000i\000c\000a\000c\000i\000o\000n\000e\000s\000.}{section.5.2}% 70
\BOOKMARK [3][-]{subsubsection.5.2.1.1}{\376\377\000C\000a\000s\000o\000\040\000d\000e\000\040\000p\000r\000u\000e\000b\000a\000\040\000N\000:\000.}{subsection.5.2.1}% 71
\BOOKMARK [2][-]{subsection.5.2.2}{\376\377\000T\000o\000p\000o\000l\000o\000g\000\355\000a\000\040\000d\000e\000\040\000\341\000r\000b\000o\000l\000\040\000c\000o\000n\000\040\0003\000\040\000n\000i\000v\000e\000l\000e\000s\000\040\000d\000e\000\040\000p\000r\000o\000f\000u\000n\000d\000i\000d\000a\000d\000.}{section.5.2}% 72
\BOOKMARK [3][-]{subsubsection.5.2.2.1}{\376\377\000C\000a\000s\000o\000\040\000d\000e\000\040\000p\000r\000u\000e\000b\000a\000\040\000N\000:\000.}{subsection.5.2.2}% 73
\BOOKMARK [1][-]{section.5.3}{\376\377\000T\000o\000p\000o\000l\000o\000g\000\355\000a\000s\000\040\000d\000e\000\040\000a\000n\000i\000l\000l\000o\000.}{chapter.5}% 74
\BOOKMARK [2][-]{subsection.5.3.1}{\376\377\000A\000n\000i\000l\000l\000o\000\040\000d\000e\000\040\0004\000\040\000s\000w\000i\000t\000c\000h\000e\000s\000.}{section.5.3}% 75
\BOOKMARK [3][-]{subsubsection.5.3.1.1}{\376\377\000C\000a\000s\000o\000\040\000d\000e\000\040\000p\000r\000u\000e\000b\000a\000\040\000N\000:\000.}{subsection.5.3.1}% 76
\BOOKMARK [2][-]{subsection.5.3.2}{\376\377\000T\000o\000p\000o\000l\000o\000g\000\355\000a\000\040\000d\000e\000\040\000\341\000r\000b\000o\000l\000\040\000c\000o\000n\000\040\000a\000n\000i\000l\000l\000o\000s\000.}{section.5.3}% 77
\BOOKMARK [3][-]{subsubsection.5.3.2.1}{\376\377\000C\000a\000s\000o\000\040\000d\000e\000\040\000p\000r\000u\000e\000b\000a\000\040\000N\000:\000.}{subsection.5.3.2}% 78
\BOOKMARK [1][-]{section.5.4}{\376\377\000T\000o\000p\000o\000l\000o\000g\000\355\000a\000s\000\040\000f\000u\000l\000l\000\040\000m\000e\000s\000h\000.}{chapter.5}% 79
\BOOKMARK [2][-]{subsection.5.4.1}{\376\377\000M\000e\000s\000h\000\040\000d\000e\000\040\0004\000\040\000s\000w\000i\000t\000c\000h\000e\000s\000.}{section.5.4}% 80
\BOOKMARK [3][-]{subsubsection.5.4.1.1}{\376\377\000C\000a\000s\000o\000\040\000d\000e\000\040\000p\000r\000u\000e\000b\000a\000\040\000N\000:\000.}{subsection.5.4.1}% 81
\BOOKMARK [2][-]{subsection.5.4.2}{\376\377\000M\000e\000s\000h\000\040\000d\000e\000\040\0006\000\040\000s\000w\000i\000t\000c\000h\000e\000s\000.}{section.5.4}% 82
\BOOKMARK [3][-]{subsubsection.5.4.2.1}{\376\377\000C\000a\000s\000o\000\040\000d\000e\000\040\000p\000r\000u\000e\000b\000a\000\040\000N\000:\000.}{subsection.5.4.2}% 83
\BOOKMARK [0][-]{chapter.6}{\376\377\000C\000o\000n\000c\000l\000u\000s\000i\000o\000n\000e\000s}{}% 84
\BOOKMARK [0][-]{appendix.Alph1}{\376\377\000H\000e\000r\000r\000a\000m\000i\000e\000n\000t\000a\000s\000\040\000u\000t\000i\000l\000i\000z\000a\000d\000a\000s}{}% 85
\BOOKMARK [1][-]{section.Alph1.1}{\376\377\000A\000p\000a\000c\000h\000e\000\040\000J\000M\000e\000t\000e\000r}{appendix.Alph1}% 86
\BOOKMARK [1][-]{section.Alph1.2}{\376\377\000N\000e\000t\000w\000o\000r\000k\000\040\000F\000i\000l\000e\000\040\000S\000y\000s\000t\000e\000m}{appendix.Alph1}% 87
\BOOKMARK [1][-]{section.Alph1.3}{\376\377\000I\000n\000s\000t\000a\000l\000a\000c\000i\000\363\000n\000\040\000d\000e\000\040\000e\000n\000t\000o\000r\000n\000o\000\040\000d\000e\000\040\000t\000r\000a\000b\000a\000j\000o\000\040\000D\000j\000a\000n\000g\000o}{appendix.Alph1}% 88
\BOOKMARK [1][-]{section.Alph1.4}{\376\377\000I\000n\000s\000t\000a\000l\000a\000c\000i\000\363\000n\000\040\000d\000e\000\040\000D\000N\000S}{appendix.Alph1}% 89
\BOOKMARK [0][-]{appendix.Alph2}{\376\377\000A\000r\000c\000h\000i\000v\000o\000s\000\040\000d\000e\000\040\000c\000o\000n\000f\000i\000g\000u\000r\000a\000c\000i\000\363\000n}{}% 90
\BOOKMARK [1][-]{section.Alph2.1}{\376\377\000A\000r\000c\000h\000i\000v\000o\000\040\000a\000n\000s\000w\000e\000r\000s\000.\000c\000f\000g\000\040\000P\000a\000c\000k\000S\000t\000a\000c\000k}{appendix.Alph2}% 91
\BOOKMARK [1][-]{section.Alph2.2}{\376\377\000T\000e\000m\000p\000l\000a\000t\000e\000\040\000H\000e\000a\000t\000\040\000p\000a\000r\000a\000\040\000d\000e\000f\000i\000n\000i\000r\000\040\000S\000t\000a\000c\000k}{appendix.Alph2}% 92
\BOOKMARK [0][-]{appendix.Alph3}{\376\377\000C\000\363\000d\000i\000g\000o\000\040\000i\000m\000p\000l\000e\000m\000e\000n\000t\000a\000d\000o}{}% 93
\BOOKMARK [1][-]{section.Alph3.1}{\376\377\000C\000o\000n\000t\000r\000o\000l\000a\000d\000o\000r\000\040\000v\0001\0005}{appendix.Alph3}% 94
\BOOKMARK [1][-]{section.Alph3.2}{\376\377\000S\000c\000r\000i\000p\000t\000\040\000p\000a\000r\000a\000\040\000c\000a\000c\000h\000\351\000\040\000a\000u\000t\000o\000m\000\341\000t\000i\000c\000o}{appendix.Alph3}% 95
\BOOKMARK [1][-]{section.Alph3.3}{\376\377\000P\000r\000o\000c\000e\000s\000a\000m\000i\000e\000n\000t\000o\000\040\000d\000e\000\040\000v\000i\000d\000e\000o\000s\000\040\000H\000L\000S\000\040\000e\000n\000\040\000B\000a\000c\000k\000e\000n\000d}{appendix.Alph3}% 96
\BOOKMARK [1][-]{section.Alph3.4}{\376\377\000A\000s\000i\000g\000n\000a\000c\000i\000\363\000n\000\040\000d\000e\000\040\000b\000a\000l\000a\000n\000c\000e\000a\000d\000o\000r\000e\000s}{appendix.Alph3}% 97
\BOOKMARK [1][-]{section.Alph3.5}{\376\377\000P\000l\000a\000y\000b\000o\000o\000k\000\040\000d\000e\000s\000a\000r\000r\000o\000l\000l\000a\000d\000o\000s\000\040\000p\000a\000r\000a\000\040\000F\000r\000o\000n\000t\000e\000n\000d}{appendix.Alph3}% 98
\BOOKMARK [2][-]{subsection.Alph3.5.1}{\376\377\000P\000l\000a\000y\000b\000o\000o\000k\000\040\000S\000t\000a\000c\000k}{section.Alph3.5}% 99
\BOOKMARK [2][-]{subsection.Alph3.5.2}{\376\377\000P\000l\000a\000y\000b\000o\000o\000k\000\040\000D\000N\000S}{section.Alph3.5}% 100
\BOOKMARK [2][-]{subsection.Alph3.5.3}{\376\377\000P\000l\000a\000y\000b\000o\000o\000k\000\040\000C\000a\000c\000h\000\351}{section.Alph3.5}% 101
