This is pdfTeX, Version 3.14159265-2.6-1.40.19 (TeX Live 2018) (preloaded format=pdflatex 2018.7.6)  21 MAY 2019 17:13
entering extended mode
 restricted \write18 enabled.
 %&-line parsing enabled.
**D302.tex
(./D302.tex
LaTeX2e <2018-04-01> patch level 2
Babel <3.18> and hyphenation patterns for 84 language(s) loaded.
(/usr/local/texlive/2018/texmf-dist/tex/latex/base/book.cls
Document Class: book 2014/09/29 v1.4h Standard LaTeX document class
(/usr/local/texlive/2018/texmf-dist/tex/latex/base/bk12.clo
File: bk12.clo 2014/09/29 v1.4h Standard LaTeX file (size option)
)
\c@part=\count80
\c@chapter=\count81
\c@section=\count82
\c@subsection=\count83
\c@subsubsection=\count84
\c@paragraph=\count85
\c@subparagraph=\count86
\c@figure=\count87
\c@table=\count88
\abovecaptionskip=\skip41
\belowcaptionskip=\skip42
\bibindent=\dimen102
)
(/usr/local/texlive/2018/texmf-dist/tex/latex/base/inputenc.sty
Package: inputenc 2018/04/06 v1.3b Input encoding file
\inpenc@prehook=\toks14
\inpenc@posthook=\toks15
)
(/usr/local/texlive/2018/texmf-dist/tex/generic/babel/babel.sty
Package: babel 2018/02/14 3.18 The Babel package

(/usr/local/texlive/2018/texmf-dist/tex/generic/babel/switch.def
File: switch.def 2018/02/14 3.18 Babel switching mechanism
)
(/usr/local/texlive/2018/texmf-dist/tex/generic/babel-spanish/spanish.ldf
Language: spanish.ldf 2016/03/03 v5.0p Spanish support from the babel system

(/usr/local/texlive/2018/texmf-dist/tex/generic/babel/babel.def
File: babel.def 2018/02/14 3.18 Babel common definitions
\babel@savecnt=\count89
\U@D=\dimen103

(/usr/local/texlive/2018/texmf-dist/tex/generic/babel/txtbabel.def)
\bbl@dirlevel=\count90
)
\es@quottoks=\toks16
\es@quotdepth=\count91
Package babel Info: Making " an active character on input line 561.
Package babel Info: Making . an active character on input line 662.
Package babel Info: Making < an active character on input line 707.
Package babel Info: Making > an active character on input line 707.
))
(/usr/local/texlive/2018/texmf-dist/tex/latex/appendix/appendix.sty
Package: appendix 2009/09/02 v1.2b extra appendix facilities
\c@@pps=\count92
\c@@ppsavesec=\count93
\c@@ppsaveapp=\count94
)
(/usr/local/texlive/2018/texmf-dist/tex/latex/tools/longtable.sty
Package: longtable 2014/10/28 v4.11 Multi-page Table package (DPC)
\LTleft=\skip43
\LTright=\skip44
\LTpre=\skip45
\LTpost=\skip46
\LTchunksize=\count95
\LTcapwidth=\dimen104
\LT@head=\box26
\LT@firsthead=\box27
\LT@foot=\box28
\LT@lastfoot=\box29
\LT@cols=\count96
\LT@rows=\count97
\c@LT@tables=\count98
\c@LT@chunks=\count99
\LT@p@ftn=\toks17
)
(/usr/local/texlive/2018/texmf-dist/tex/latex/amsmath/amsmath.sty
Package: amsmath 2017/09/02 v2.17a AMS math features
\@mathmargin=\skip47

For additional information on amsmath, use the `?' option.
(/usr/local/texlive/2018/texmf-dist/tex/latex/amsmath/amstext.sty
Package: amstext 2000/06/29 v2.01 AMS text

(/usr/local/texlive/2018/texmf-dist/tex/latex/amsmath/amsgen.sty
File: amsgen.sty 1999/11/30 v2.0 generic functions
\@emptytoks=\toks18
\ex@=\dimen105
))
(/usr/local/texlive/2018/texmf-dist/tex/latex/amsmath/amsbsy.sty
Package: amsbsy 1999/11/29 v1.2d Bold Symbols
\pmbraise@=\dimen106
)
(/usr/local/texlive/2018/texmf-dist/tex/latex/amsmath/amsopn.sty
Package: amsopn 2016/03/08 v2.02 operator names
)
\inf@bad=\count100
LaTeX Info: Redefining \frac on input line 213.
\uproot@=\count101
\leftroot@=\count102
LaTeX Info: Redefining \overline on input line 375.
\classnum@=\count103
\DOTSCASE@=\count104
LaTeX Info: Redefining \ldots on input line 472.
LaTeX Info: Redefining \dots on input line 475.
LaTeX Info: Redefining \cdots on input line 596.
\Mathstrutbox@=\box30
\strutbox@=\box31
\big@size=\dimen107
LaTeX Font Info:    Redeclaring font encoding OML on input line 712.
LaTeX Font Info:    Redeclaring font encoding OMS on input line 713.
\macc@depth=\count105
\c@MaxMatrixCols=\count106
\dotsspace@=\muskip10
\c@parentequation=\count107
\dspbrk@lvl=\count108
\tag@help=\toks19
\row@=\count109
\column@=\count110
\maxfields@=\count111
\andhelp@=\toks20
\eqnshift@=\dimen108
\alignsep@=\dimen109
\tagshift@=\dimen110
\tagwidth@=\dimen111
\totwidth@=\dimen112
\lineht@=\dimen113
\@envbody=\toks21
\multlinegap=\skip48
\multlinetaggap=\skip49
\mathdisplay@stack=\toks22
LaTeX Info: Redefining \[ on input line 2817.
LaTeX Info: Redefining \] on input line 2818.
)
(/usr/local/texlive/2018/texmf-dist/tex/latex/amsfonts/amsfonts.sty
Package: amsfonts 2013/01/14 v3.01 Basic AMSFonts support
\symAMSa=\mathgroup4
\symAMSb=\mathgroup5
LaTeX Font Info:    Overwriting math alphabet `\mathfrak' in version `bold'
(Font)                  U/euf/m/n --> U/euf/b/n on input line 106.
)
(/usr/local/texlive/2018/texmf-dist/tex/latex/amsfonts/amssymb.sty
Package: amssymb 2013/01/14 v3.01 AMS font symbols
)
(/usr/local/texlive/2018/texmf-dist/tex/latex/oberdiek/listingsutf8.sty
Package: listingsutf8 2016/05/16 v1.3 Allow UTF-8 in listings input (HO)

(/usr/local/texlive/2018/texmf-dist/tex/latex/listings/listings.sty
(/usr/local/texlive/2018/texmf-dist/tex/latex/graphics/keyval.sty
Package: keyval 2014/10/28 v1.15 key=value parser (DPC)
\KV@toks@=\toks23
)
\lst@mode=\count112
\lst@gtempboxa=\box32
\lst@token=\toks24
\lst@length=\count113
\lst@currlwidth=\dimen114
\lst@column=\count114
\lst@pos=\count115
\lst@lostspace=\dimen115
\lst@width=\dimen116
\lst@newlines=\count116
\lst@lineno=\count117
\lst@maxwidth=\dimen117

(/usr/local/texlive/2018/texmf-dist/tex/latex/listings/lstmisc.sty
File: lstmisc.sty 2015/06/04 1.6 (Carsten Heinz)
\c@lstnumber=\count118
\lst@skipnumbers=\count119
\lst@framebox=\box33
)
(/usr/local/texlive/2018/texmf-dist/tex/latex/listings/listings.cfg
File: listings.cfg 2015/06/04 1.6 listings configuration
))
Package: listings 2015/06/04 1.6 (Carsten Heinz)

(/usr/local/texlive/2018/texmf-dist/tex/generic/oberdiek/pdftexcmds.sty
Package: pdftexcmds 2018/01/30 v0.27 Utility functions of pdfTeX for LuaTeX (HO
)

(/usr/local/texlive/2018/texmf-dist/tex/generic/oberdiek/infwarerr.sty
Package: infwarerr 2016/05/16 v1.4 Providing info/warning/error messages (HO)
)
(/usr/local/texlive/2018/texmf-dist/tex/generic/oberdiek/ifluatex.sty
Package: ifluatex 2016/05/16 v1.4 Provides the ifluatex switch (HO)
Package ifluatex Info: LuaTeX not detected.
)
(/usr/local/texlive/2018/texmf-dist/tex/generic/oberdiek/ltxcmds.sty
Package: ltxcmds 2016/05/16 v1.23 LaTeX kernel commands for general use (HO)
)
(/usr/local/texlive/2018/texmf-dist/tex/generic/oberdiek/ifpdf.sty
Package: ifpdf 2017/03/15 v3.2 Provides the ifpdf switch
)
Package pdftexcmds Info: LuaTeX not detected.
Package pdftexcmds Info: \pdf@primitive is available.
Package pdftexcmds Info: \pdf@ifprimitive is available.
Package pdftexcmds Info: \pdfdraftmode found.
)
(/usr/local/texlive/2018/texmf-dist/tex/generic/oberdiek/stringenc.sty
Package: stringenc 2016/05/16 v1.11 Convert strings between diff. encodings (HO
)

(/usr/local/texlive/2018/texmf-dist/tex/generic/oberdiek/pdfescape.sty
Package: pdfescape 2016/05/16 v1.14 Implements pdfTeX's escape features (HO)
)))
(/usr/local/texlive/2018/texmf-dist/tex/latex/graphics/color.sty
Package: color 2016/07/10 v1.1e Standard LaTeX Color (DPC)

(/usr/local/texlive/2018/texmf-dist/tex/latex/graphics-cfg/color.cfg
File: color.cfg 2016/01/02 v1.6 sample color configuration
)
Package color Info: Driver file: pdftex.def on input line 147.

(/usr/local/texlive/2018/texmf-dist/tex/latex/graphics-def/pdftex.def
File: pdftex.def 2018/01/08 v1.0l Graphics/color driver for pdftex
))
(/usr/local/texlive/2018/texmf-dist/tex/latex/soul/soul.sty
Package: soul 2003/11/17 v2.4 letterspacing/underlining (mf)
\SOUL@word=\toks25
\SOUL@lasttoken=\toks26
\SOUL@cmds=\toks27
\SOUL@buffer=\toks28
\SOUL@token=\toks29
\SOUL@spaceskip=\skip50
\SOUL@ttwidth=\dimen118
\SOUL@uldp=\dimen119
\SOUL@ulht=\dimen120
)
(/usr/local/texlive/2018/texmf-dist/tex/latex/paracol/paracol.sty
Package: paracol 2015/10/10 v1.32 
\pcol@currcol=\count120
\pcol@nextcol=\count121
\pcol@ncol=\count122
\pcol@ncolleft=\count123
\pcol@page=\count124
\pcol@basepage=\count125
\pcol@toppage=\count126
\pcol@footnotebase=\count127
\pcol@nfootnotes=\count128
\pcol@mcid=\count129
\pcol@prevdepth=\dimen121
\pcol@colht=\dimen122
\pcol@textfloatsep=\dimen123
\pcol@lrmargin=\dimen124
\pagerim=\dimen125
\pcol@topskip=\skip51
\pcol@topfnotes=\box34
\pcol@prespan=\box35
\pcol@rightpage=\box36
\pcol@tempbox=\box37
\pcol@everyvbox=\toks30
)
(/usr/local/texlive/2018/texmf-dist/tex/latex/lipsum/lipsum.sty
Package: lipsum 2014/07/27 v1.3 150 paragraphs of Lorem Ipsum dummy text
\c@lips@count=\count130
)
(/usr/local/texlive/2018/texmf-dist/tex/latex/hyperref/hyperref.sty
Package: hyperref 2018/02/06 v6.86b Hypertext links for LaTeX

(/usr/local/texlive/2018/texmf-dist/tex/generic/oberdiek/hobsub-hyperref.sty
Package: hobsub-hyperref 2016/05/16 v1.14 Bundle oberdiek, subset hyperref (HO)


(/usr/local/texlive/2018/texmf-dist/tex/generic/oberdiek/hobsub-generic.sty
Package: hobsub-generic 2016/05/16 v1.14 Bundle oberdiek, subset generic (HO)
Package: hobsub 2016/05/16 v1.14 Construct package bundles (HO)
Package hobsub Info: Skipping package `infwarerr' (already loaded).
Package hobsub Info: Skipping package `ltxcmds' (already loaded).
Package hobsub Info: Skipping package `ifluatex' (already loaded).
Package: ifvtex 2016/05/16 v1.6 Detect VTeX and its facilities (HO)
Package ifvtex Info: VTeX not detected.
Package: intcalc 2016/05/16 v1.2 Expandable calculations with integers (HO)
Package hobsub Info: Skipping package `ifpdf' (already loaded).
Package: etexcmds 2016/05/16 v1.6 Avoid name clashes with e-TeX commands (HO)
Package etexcmds Info: Could not find \expanded.
(etexcmds)             That can mean that you are not using pdfTeX 1.50 or
(etexcmds)             that some package has redefined \expanded.
(etexcmds)             In the latter case, load this package earlier.
Package: kvsetkeys 2016/05/16 v1.17 Key value parser (HO)
Package: kvdefinekeys 2016/05/16 v1.4 Define keys (HO)
Package hobsub Info: Skipping package `pdftexcmds' (already loaded).
Package hobsub Info: Skipping package `pdfescape' (already loaded).
Package: bigintcalc 2016/05/16 v1.4 Expandable calculations on big integers (HO
)
Package: bitset 2016/05/16 v1.2 Handle bit-vector datatype (HO)
Package: uniquecounter 2016/05/16 v1.3 Provide unlimited unique counter (HO)
)
Package hobsub Info: Skipping package `hobsub' (already loaded).
Package: letltxmacro 2016/05/16 v1.5 Let assignment for LaTeX macros (HO)
Package: hopatch 2016/05/16 v1.3 Wrapper for package hooks (HO)
Package: xcolor-patch 2016/05/16 xcolor patch
Package: atveryend 2016/05/16 v1.9 Hooks at the very end of document (HO)
Package atveryend Info: \enddocument detected (standard20110627).
Package: atbegshi 2016/06/09 v1.18 At begin shipout hook (HO)
Package: refcount 2016/05/16 v3.5 Data extraction from label references (HO)
Package: hycolor 2016/05/16 v1.8 Color options for hyperref/bookmark (HO)
)
(/usr/local/texlive/2018/texmf-dist/tex/generic/ifxetex/ifxetex.sty
Package: ifxetex 2010/09/12 v0.6 Provides ifxetex conditional
)
(/usr/local/texlive/2018/texmf-dist/tex/latex/oberdiek/auxhook.sty
Package: auxhook 2016/05/16 v1.4 Hooks for auxiliary files (HO)
)
(/usr/local/texlive/2018/texmf-dist/tex/latex/oberdiek/kvoptions.sty
Package: kvoptions 2016/05/16 v3.12 Key value format for package options (HO)
)
\@linkdim=\dimen126
\Hy@linkcounter=\count131
\Hy@pagecounter=\count132

(/usr/local/texlive/2018/texmf-dist/tex/latex/hyperref/pd1enc.def
File: pd1enc.def 2018/02/06 v6.86b Hyperref: PDFDocEncoding definition (HO)
Now handling font encoding PD1 ...
... no UTF-8 mapping file for font encoding PD1
)
\Hy@SavedSpaceFactor=\count133

(/usr/local/texlive/2018/texmf-dist/tex/latex/latexconfig/hyperref.cfg
File: hyperref.cfg 2002/06/06 v1.2 hyperref configuration of TeXLive
)
Package hyperref Info: Option `unicode' set `true' on input line 4383.

(/usr/local/texlive/2018/texmf-dist/tex/latex/hyperref/puenc.def
File: puenc.def 2018/02/06 v6.86b Hyperref: PDF Unicode definition (HO)
Now handling font encoding PU ...
... no UTF-8 mapping file for font encoding PU
)
Package hyperref Info: Hyper figures OFF on input line 4509.
Package hyperref Info: Link nesting OFF on input line 4514.
Package hyperref Info: Hyper index ON on input line 4517.
Package hyperref Info: Plain pages OFF on input line 4524.
Package hyperref Info: Backreferencing OFF on input line 4529.
Package hyperref Info: Implicit mode ON; LaTeX internals redefined.
Package hyperref Info: Bookmarks ON on input line 4762.
\c@Hy@tempcnt=\count134

(/usr/local/texlive/2018/texmf-dist/tex/latex/url/url.sty
\Urlmuskip=\muskip11
Package: url 2013/09/16  ver 3.4  Verb mode for urls, etc.
)
LaTeX Info: Redefining \url on input line 5115.
\XeTeXLinkMargin=\dimen127
\Fld@menulength=\count135
\Field@Width=\dimen128
\Fld@charsize=\dimen129
Package hyperref Info: Hyper figures OFF on input line 6369.
Package hyperref Info: Link nesting OFF on input line 6374.
Package hyperref Info: Hyper index ON on input line 6377.
Package hyperref Info: backreferencing OFF on input line 6384.
Package hyperref Info: Link coloring OFF on input line 6389.
Package hyperref Info: Link coloring with OCG OFF on input line 6394.
Package hyperref Info: PDF/A mode OFF on input line 6399.
LaTeX Info: Redefining \ref on input line 6439.
LaTeX Info: Redefining \pageref on input line 6443.
\Hy@abspage=\count136
\c@Item=\count137
\c@Hfootnote=\count138
)
Package hyperref Info: Driver: hpdftex.

(/usr/local/texlive/2018/texmf-dist/tex/latex/hyperref/hpdftex.def
File: hpdftex.def 2018/02/06 v6.86b Hyperref driver for pdfTeX
\Fld@listcount=\count139
\c@bookmark@seq@number=\count140

(/usr/local/texlive/2018/texmf-dist/tex/latex/oberdiek/rerunfilecheck.sty
Package: rerunfilecheck 2016/05/16 v1.8 Rerun checks for auxiliary files (HO)
Package uniquecounter Info: New unique counter `rerunfilecheck' on input line 2
82.
)
\Hy@SectionHShift=\skip52
)
(/usr/local/texlive/2018/texmf-dist/tex/latex/fancyhdr/fancyhdr.sty
Package: fancyhdr 2017/06/30 v3.9a Extensive control of page headers and footer
s
\f@nch@headwidth=\skip53
\f@nch@O@elh=\skip54
\f@nch@O@erh=\skip55
\f@nch@O@olh=\skip56
\f@nch@O@orh=\skip57
\f@nch@O@elf=\skip58
\f@nch@O@erf=\skip59
\f@nch@O@olf=\skip60
\f@nch@O@orf=\skip61
)
(/usr/local/texlive/2018/texmf-dist/tex/latex/graphics/graphicx.sty
Package: graphicx 2017/06/01 v1.1a Enhanced LaTeX Graphics (DPC,SPQR)

(/usr/local/texlive/2018/texmf-dist/tex/latex/graphics/graphics.sty
Package: graphics 2017/06/25 v1.2c Standard LaTeX Graphics (DPC,SPQR)

(/usr/local/texlive/2018/texmf-dist/tex/latex/graphics/trig.sty
Package: trig 2016/01/03 v1.10 sin cos tan (DPC)
)
(/usr/local/texlive/2018/texmf-dist/tex/latex/graphics-cfg/graphics.cfg
File: graphics.cfg 2016/06/04 v1.11 sample graphics configuration
)
Package graphics Info: Driver file: pdftex.def on input line 99.
)
\Gin@req@height=\dimen130
\Gin@req@width=\dimen131
)
(/usr/local/texlive/2018/texmf-dist/tex/latex/tocbibind/tocbibind.sty
Package: tocbibind 2010/10/13 v1.5k extra ToC listings
Package tocbibind Info: The document has chapter divisions on input line 50.


Package tocbibind Note: Using chapter style headings, unless overridden.

)
\@indexfile=\write3
\openout3 = `D302.idx'.


Writing index file D302.idx
(./D302.aux
LaTeX Info: Redefining \. on input line 23.
LaTeX Info: Redefining \% on input line 23.
)
\openout1 = `D302.aux'.

LaTeX Font Info:    Checking defaults for OML/cmm/m/it on input line 65.
LaTeX Font Info:    ... okay on input line 65.
LaTeX Font Info:    Checking defaults for T1/cmr/m/n on input line 65.
LaTeX Font Info:    ... okay on input line 65.
LaTeX Font Info:    Checking defaults for OT1/cmr/m/n on input line 65.
LaTeX Font Info:    ... okay on input line 65.
LaTeX Font Info:    Checking defaults for OMS/cmsy/m/n on input line 65.
LaTeX Font Info:    ... okay on input line 65.
LaTeX Font Info:    Checking defaults for OMX/cmex/m/n on input line 65.
LaTeX Font Info:    ... okay on input line 65.
LaTeX Font Info:    Checking defaults for U/cmr/m/n on input line 65.
LaTeX Font Info:    ... okay on input line 65.
LaTeX Font Info:    Checking defaults for PD1/pdf/m/n on input line 65.
LaTeX Font Info:    ... okay on input line 65.
LaTeX Font Info:    Checking defaults for PU/pdf/m/n on input line 65.
LaTeX Font Info:    ... okay on input line 65.
LaTeX Info: Redefining \. on input line 65.
LaTeX Info: Redefining \% on input line 65.
\c@lstlisting=\count141

(/usr/local/texlive/2018/texmf-dist/tex/context/base/mkii/supp-pdf.mkii
[Loading MPS to PDF converter (version 2006.09.02).]
\scratchcounter=\count142
\scratchdimen=\dimen132
\scratchbox=\box38
\nofMPsegments=\count143
\nofMParguments=\count144
\everyMPshowfont=\toks31
\MPscratchCnt=\count145
\MPscratchDim=\dimen133
\MPnumerator=\count146
\makeMPintoPDFobject=\count147
\everyMPtoPDFconversion=\toks32
) (/usr/local/texlive/2018/texmf-dist/tex/latex/oberdiek/epstopdf-base.sty
Package: epstopdf-base 2016/05/15 v2.6 Base part for package epstopdf

(/usr/local/texlive/2018/texmf-dist/tex/latex/oberdiek/grfext.sty
Package: grfext 2016/05/16 v1.2 Manage graphics extensions (HO)
)
Package epstopdf-base Info: Redefining graphics rule for `.eps' on input line 4
38.
Package grfext Info: Graphics extension search list:
(grfext)             [.pdf,.png,.jpg,.mps,.jpeg,.jbig2,.jb2,.PDF,.PNG,.JPG,.JPE
G,.JBIG2,.JB2,.eps]
(grfext)             \AppendGraphicsExtensions on input line 456.

(/usr/local/texlive/2018/texmf-dist/tex/latex/latexconfig/epstopdf-sys.cfg
File: epstopdf-sys.cfg 2010/07/13 v1.3 Configuration of (r)epstopdf for TeX Liv
e
))
\AtBeginShipoutBox=\box39
Package hyperref Info: Link coloring OFF on input line 65.

(/usr/local/texlive/2018/texmf-dist/tex/latex/hyperref/nameref.sty
Package: nameref 2016/05/21 v2.44 Cross-referencing by name of section

(/usr/local/texlive/2018/texmf-dist/tex/generic/oberdiek/gettitlestring.sty
Package: gettitlestring 2016/05/16 v1.5 Cleanup title references (HO)
)
\c@section@level=\count148
)
LaTeX Info: Redefining \ref on input line 65.
LaTeX Info: Redefining \pageref on input line 65.
LaTeX Info: Redefining \nameref on input line 65.

(./D302.out) (./D302.out)
\@outlinefile=\write4
\openout4 = `D302.out'.

Package babel Info: Redefining spanish shorthand <<
(babel)             in language  on input line 110.
Package babel Info: Redefining spanish shorthand >>
(babel)             in language  on input line 110.
Package babel Info: Redefining spanish shorthand "=
(babel)             in language  on input line 110.
Package babel Info: Redefining spanish shorthand "~
(babel)             in language  on input line 110.
Package babel Info: Redefining spanish shorthand "!
(babel)             in language  on input line 110.
Package babel Info: Redefining spanish shorthand "?
(babel)             in language  on input line 110.
Package babel Info: Redefining spanish shorthand <<
(babel)             in language  on input line 110.
Package babel Info: Redefining spanish shorthand >>
(babel)             in language  on input line 110.
Package babel Info: Redefining spanish shorthand "=
(babel)             in language  on input line 110.
Package babel Info: Redefining spanish shorthand "~
(babel)             in language  on input line 110.
Package babel Info: Redefining spanish shorthand "!
(babel)             in language  on input line 110.
Package babel Info: Redefining spanish shorthand "?
(babel)             in language  on input line 110.
 [1

{/usr/local/texlive/2018/texmf-var/fonts/map/pdftex/updmap/pdftex.map}]
Underfull \hbox (badness 10000) in paragraph at lines 133--134

 []


Underfull \hbox (badness 10000) in paragraph at lines 137--138

 []

Package babel Info: Redefining spanish shorthand <<
(babel)             in language  on input line 155.
Package babel Info: Redefining spanish shorthand >>
(babel)             in language  on input line 155.
Package babel Info: Redefining spanish shorthand "=
(babel)             in language  on input line 155.
Package babel Info: Redefining spanish shorthand "~
(babel)             in language  on input line 155.
Package babel Info: Redefining spanish shorthand "!
(babel)             in language  on input line 155.
Package babel Info: Redefining spanish shorthand "?
(babel)             in language  on input line 155.
Package babel Info: Redefining spanish shorthand <<
(babel)             in language  on input line 155.
Package babel Info: Redefining spanish shorthand >>
(babel)             in language  on input line 155.
Package babel Info: Redefining spanish shorthand "=
(babel)             in language  on input line 155.
Package babel Info: Redefining spanish shorthand "~
(babel)             in language  on input line 155.
Package babel Info: Redefining spanish shorthand "!
(babel)             in language  on input line 155.
Package babel Info: Redefining spanish shorthand "?
(babel)             in language  on input line 155.
[2

]
Package babel Info: Redefining spanish shorthand <<
(babel)             in language  on input line 161.
Package babel Info: Redefining spanish shorthand >>
(babel)             in language  on input line 161.
Package babel Info: Redefining spanish shorthand "=
(babel)             in language  on input line 161.
Package babel Info: Redefining spanish shorthand "~
(babel)             in language  on input line 161.
Package babel Info: Redefining spanish shorthand "!
(babel)             in language  on input line 161.
Package babel Info: Redefining spanish shorthand "?
(babel)             in language  on input line 161.
Package babel Info: Redefining spanish shorthand <<
(babel)             in language  on input line 161.
Package babel Info: Redefining spanish shorthand >>
(babel)             in language  on input line 161.
Package babel Info: Redefining spanish shorthand "=
(babel)             in language  on input line 161.
Package babel Info: Redefining spanish shorthand "~
(babel)             in language  on input line 161.
Package babel Info: Redefining spanish shorthand "!
(babel)             in language  on input line 161.
Package babel Info: Redefining spanish shorthand "?
(babel)             in language  on input line 161.
 [3

]
Package babel Info: Redefining spanish shorthand <<
(babel)             in language  on input line 173.
Package babel Info: Redefining spanish shorthand >>
(babel)             in language  on input line 173.
Package babel Info: Redefining spanish shorthand "=
(babel)             in language  on input line 173.
Package babel Info: Redefining spanish shorthand "~
(babel)             in language  on input line 173.
Package babel Info: Redefining spanish shorthand "!
(babel)             in language  on input line 173.
Package babel Info: Redefining spanish shorthand "?
(babel)             in language  on input line 173.
Package babel Info: Redefining spanish shorthand <<
(babel)             in language  on input line 173.
Package babel Info: Redefining spanish shorthand >>
(babel)             in language  on input line 173.
Package babel Info: Redefining spanish shorthand "=
(babel)             in language  on input line 173.
Package babel Info: Redefining spanish shorthand "~
(babel)             in language  on input line 173.
Package babel Info: Redefining spanish shorthand "!
(babel)             in language  on input line 173.
Package babel Info: Redefining spanish shorthand "?
(babel)             in language  on input line 173.
 [4

] (./D302.toc
LaTeX Info: Redefining \. on input line 1.
LaTeX Info: Redefining \% on input line 1.
LaTeX Font Info:    Try loading font information for U+msa on input line 3.

(/usr/local/texlive/2018/texmf-dist/tex/latex/amsfonts/umsa.fd
File: umsa.fd 2013/01/14 v3.01 AMS symbols A
)
LaTeX Font Info:    Try loading font information for U+msb on input line 3.

(/usr/local/texlive/2018/texmf-dist/tex/latex/amsfonts/umsb.fd
File: umsb.fd 2013/01/14 v3.01 AMS symbols B
)
Package babel Info: Redefining spanish shorthand <<
(babel)             in language  on input line 31.
Package babel Info: Redefining spanish shorthand >>
(babel)             in language  on input line 31.
Package babel Info: Redefining spanish shorthand "=
(babel)             in language  on input line 31.
Package babel Info: Redefining spanish shorthand "~
(babel)             in language  on input line 31.
Package babel Info: Redefining spanish shorthand "!
(babel)             in language  on input line 31.
Package babel Info: Redefining spanish shorthand "?
(babel)             in language  on input line 31.
Package babel Info: Redefining spanish shorthand <<
(babel)             in language  on input line 31.
Package babel Info: Redefining spanish shorthand >>
(babel)             in language  on input line 31.
Package babel Info: Redefining spanish shorthand "=
(babel)             in language  on input line 31.
Package babel Info: Redefining spanish shorthand "~
(babel)             in language  on input line 31.
Package babel Info: Redefining spanish shorthand "!
(babel)             in language  on input line 31.
Package babel Info: Redefining spanish shorthand "?
(babel)             in language  on input line 31.
 [5

])
\tf@toc=\write5
\openout5 = `D302.toc'.

Package babel Info: Redefining spanish shorthand <<
(babel)             in language  on input line 176.
Package babel Info: Redefining spanish shorthand >>
(babel)             in language  on input line 176.
Package babel Info: Redefining spanish shorthand "=
(babel)             in language  on input line 176.
Package babel Info: Redefining spanish shorthand "~
(babel)             in language  on input line 176.
Package babel Info: Redefining spanish shorthand "!
(babel)             in language  on input line 176.
Package babel Info: Redefining spanish shorthand "?
(babel)             in language  on input line 176.
Package babel Info: Redefining spanish shorthand <<
(babel)             in language  on input line 176.
Package babel Info: Redefining spanish shorthand >>
(babel)             in language  on input line 176.
Package babel Info: Redefining spanish shorthand "=
(babel)             in language  on input line 176.
Package babel Info: Redefining spanish shorthand "~
(babel)             in language  on input line 176.
Package babel Info: Redefining spanish shorthand "!
(babel)             in language  on input line 176.
Package babel Info: Redefining spanish shorthand "?
(babel)             in language  on input line 176.
 [6]
Cap\'{\i }tulo 1.
Package babel Info: Redefining spanish shorthand <<
(babel)             in language  on input line 176.
Package babel Info: Redefining spanish shorthand >>
(babel)             in language  on input line 176.
Package babel Info: Redefining spanish shorthand "=
(babel)             in language  on input line 176.
Package babel Info: Redefining spanish shorthand "~
(babel)             in language  on input line 176.
Package babel Info: Redefining spanish shorthand "!
(babel)             in language  on input line 176.
Package babel Info: Redefining spanish shorthand "?
(babel)             in language  on input line 176.

Underfull \hbox (badness 10000) in paragraph at lines 187--188

 []


Underfull \hbox (badness 10000) in paragraph at lines 194--195

 []

Package babel Info: Redefining spanish shorthand <<
(babel)             in language  on input line 218.
Package babel Info: Redefining spanish shorthand >>
(babel)             in language  on input line 218.
Package babel Info: Redefining spanish shorthand "=
(babel)             in language  on input line 218.
Package babel Info: Redefining spanish shorthand "~
(babel)             in language  on input line 218.
Package babel Info: Redefining spanish shorthand "!
(babel)             in language  on input line 218.
Package babel Info: Redefining spanish shorthand "?
(babel)             in language  on input line 218.

Underfull \hbox (badness 10000) in paragraph at lines 221--223

 []

Package babel Info: Redefining spanish shorthand <<
(babel)             in language  on input line 223.
Package babel Info: Redefining spanish shorthand >>
(babel)             in language  on input line 223.
Package babel Info: Redefining spanish shorthand "=
(babel)             in language  on input line 223.
Package babel Info: Redefining spanish shorthand "~
(babel)             in language  on input line 223.
Package babel Info: Redefining spanish shorthand "!
(babel)             in language  on input line 223.
Package babel Info: Redefining spanish shorthand "?
(babel)             in language  on input line 223.
Package babel Info: Redefining spanish shorthand <<
(babel)             in language  on input line 223.
Package babel Info: Redefining spanish shorthand >>
(babel)             in language  on input line 223.
Package babel Info: Redefining spanish shorthand "=
(babel)             in language  on input line 223.
Package babel Info: Redefining spanish shorthand "~
(babel)             in language  on input line 223.
Package babel Info: Redefining spanish shorthand "!
(babel)             in language  on input line 223.
Package babel Info: Redefining spanish shorthand "?
(babel)             in language  on input line 223.
[7

]
Package babel Info: Redefining spanish shorthand <<
(babel)             in language  on input line 228.
Package babel Info: Redefining spanish shorthand >>
(babel)             in language  on input line 228.
Package babel Info: Redefining spanish shorthand "=
(babel)             in language  on input line 228.
Package babel Info: Redefining spanish shorthand "~
(babel)             in language  on input line 228.
Package babel Info: Redefining spanish shorthand "!
(babel)             in language  on input line 228.
Package babel Info: Redefining spanish shorthand "?
(babel)             in language  on input line 228.
Package babel Info: Redefining spanish shorthand <<
(babel)             in language  on input line 235.
Package babel Info: Redefining spanish shorthand >>
(babel)             in language  on input line 235.
Package babel Info: Redefining spanish shorthand "=
(babel)             in language  on input line 235.
Package babel Info: Redefining spanish shorthand "~
(babel)             in language  on input line 235.
Package babel Info: Redefining spanish shorthand "!
(babel)             in language  on input line 235.
Package babel Info: Redefining spanish shorthand "?
(babel)             in language  on input line 235.
Package babel Info: Redefining spanish shorthand <<
(babel)             in language  on input line 240.
Package babel Info: Redefining spanish shorthand >>
(babel)             in language  on input line 240.
Package babel Info: Redefining spanish shorthand "=
(babel)             in language  on input line 240.
Package babel Info: Redefining spanish shorthand "~
(babel)             in language  on input line 240.
Package babel Info: Redefining spanish shorthand "!
(babel)             in language  on input line 240.
Package babel Info: Redefining spanish shorthand "?
(babel)             in language  on input line 240.
Package babel Info: Redefining spanish shorthand <<
(babel)             in language  on input line 244.
Package babel Info: Redefining spanish shorthand >>
(babel)             in language  on input line 244.
Package babel Info: Redefining spanish shorthand "=
(babel)             in language  on input line 244.
Package babel Info: Redefining spanish shorthand "~
(babel)             in language  on input line 244.
Package babel Info: Redefining spanish shorthand "!
(babel)             in language  on input line 244.
Package babel Info: Redefining spanish shorthand "?
(babel)             in language  on input line 244.
Package babel Info: Redefining spanish shorthand <<
(babel)             in language  on input line 248.
Package babel Info: Redefining spanish shorthand >>
(babel)             in language  on input line 248.
Package babel Info: Redefining spanish shorthand "=
(babel)             in language  on input line 248.
Package babel Info: Redefining spanish shorthand "~
(babel)             in language  on input line 248.
Package babel Info: Redefining spanish shorthand "!
(babel)             in language  on input line 248.
Package babel Info: Redefining spanish shorthand "?
(babel)             in language  on input line 248.
Package babel Info: Redefining spanish shorthand <<
(babel)             in language  on input line 248.
Package babel Info: Redefining spanish shorthand >>
(babel)             in language  on input line 248.
Package babel Info: Redefining spanish shorthand "=
(babel)             in language  on input line 248.
Package babel Info: Redefining spanish shorthand "~
(babel)             in language  on input line 248.
Package babel Info: Redefining spanish shorthand "!
(babel)             in language  on input line 248.
Package babel Info: Redefining spanish shorthand "?
(babel)             in language  on input line 248.
 [8]
Cap\'{\i }tulo 2.
Package babel Info: Redefining spanish shorthand <<
(babel)             in language  on input line 248.
Package babel Info: Redefining spanish shorthand >>
(babel)             in language  on input line 248.
Package babel Info: Redefining spanish shorthand "=
(babel)             in language  on input line 248.
Package babel Info: Redefining spanish shorthand "~
(babel)             in language  on input line 248.
Package babel Info: Redefining spanish shorthand "!
(babel)             in language  on input line 248.
Package babel Info: Redefining spanish shorthand "?
(babel)             in language  on input line 248.
Package babel Info: Redefining spanish shorthand <<
(babel)             in language  on input line 253.
Package babel Info: Redefining spanish shorthand >>
(babel)             in language  on input line 253.
Package babel Info: Redefining spanish shorthand "=
(babel)             in language  on input line 253.
Package babel Info: Redefining spanish shorthand "~
(babel)             in language  on input line 253.
Package babel Info: Redefining spanish shorthand "!
(babel)             in language  on input line 253.
Package babel Info: Redefining spanish shorthand "?
(babel)             in language  on input line 253.
Package babel Info: Redefining spanish shorthand <<
(babel)             in language  on input line 258.
Package babel Info: Redefining spanish shorthand >>
(babel)             in language  on input line 258.
Package babel Info: Redefining spanish shorthand "=
(babel)             in language  on input line 258.
Package babel Info: Redefining spanish shorthand "~
(babel)             in language  on input line 258.
Package babel Info: Redefining spanish shorthand "!
(babel)             in language  on input line 258.
Package babel Info: Redefining spanish shorthand "?
(babel)             in language  on input line 258.
Package babel Info: Redefining spanish shorthand <<
(babel)             in language  on input line 263.
Package babel Info: Redefining spanish shorthand >>
(babel)             in language  on input line 263.
Package babel Info: Redefining spanish shorthand "=
(babel)             in language  on input line 263.
Package babel Info: Redefining spanish shorthand "~
(babel)             in language  on input line 263.
Package babel Info: Redefining spanish shorthand "!
(babel)             in language  on input line 263.
Package babel Info: Redefining spanish shorthand "?
(babel)             in language  on input line 263.
Package babel Info: Redefining spanish shorthand <<
(babel)             in language  on input line 263.
Package babel Info: Redefining spanish shorthand >>
(babel)             in language  on input line 263.
Package babel Info: Redefining spanish shorthand "=
(babel)             in language  on input line 263.
Package babel Info: Redefining spanish shorthand "~
(babel)             in language  on input line 263.
Package babel Info: Redefining spanish shorthand "!
(babel)             in language  on input line 263.
Package babel Info: Redefining spanish shorthand "?
(babel)             in language  on input line 263.
[9

]
Cap\'{\i }tulo 3.
Package babel Info: Redefining spanish shorthand <<
(babel)             in language  on input line 263.
Package babel Info: Redefining spanish shorthand >>
(babel)             in language  on input line 263.
Package babel Info: Redefining spanish shorthand "=
(babel)             in language  on input line 263.
Package babel Info: Redefining spanish shorthand "~
(babel)             in language  on input line 263.
Package babel Info: Redefining spanish shorthand "!
(babel)             in language  on input line 263.
Package babel Info: Redefining spanish shorthand "?
(babel)             in language  on input line 263.
Package babel Info: Redefining spanish shorthand <<
(babel)             in language  on input line 270.
Package babel Info: Redefining spanish shorthand >>
(babel)             in language  on input line 270.
Package babel Info: Redefining spanish shorthand "=
(babel)             in language  on input line 270.
Package babel Info: Redefining spanish shorthand "~
(babel)             in language  on input line 270.
Package babel Info: Redefining spanish shorthand "!
(babel)             in language  on input line 270.
Package babel Info: Redefining spanish shorthand "?
(babel)             in language  on input line 270.
Package babel Info: Redefining spanish shorthand <<
(babel)             in language  on input line 286.
Package babel Info: Redefining spanish shorthand >>
(babel)             in language  on input line 286.
Package babel Info: Redefining spanish shorthand "=
(babel)             in language  on input line 286.
Package babel Info: Redefining spanish shorthand "~
(babel)             in language  on input line 286.
Package babel Info: Redefining spanish shorthand "!
(babel)             in language  on input line 286.
Package babel Info: Redefining spanish shorthand "?
(babel)             in language  on input line 286.
Package babel Info: Redefining spanish shorthand <<
(babel)             in language  on input line 286.
Package babel Info: Redefining spanish shorthand >>
(babel)             in language  on input line 286.
Package babel Info: Redefining spanish shorthand "=
(babel)             in language  on input line 286.
Package babel Info: Redefining spanish shorthand "~
(babel)             in language  on input line 286.
Package babel Info: Redefining spanish shorthand "!
(babel)             in language  on input line 286.
Package babel Info: Redefining spanish shorthand "?
(babel)             in language  on input line 286.
[10

]
Underfull \hbox (badness 10000) in paragraph at lines 293--295

 []

Package babel Info: Redefining spanish shorthand <<
(babel)             in language  on input line 300.
Package babel Info: Redefining spanish shorthand >>
(babel)             in language  on input line 300.
Package babel Info: Redefining spanish shorthand "=
(babel)             in language  on input line 300.
Package babel Info: Redefining spanish shorthand "~
(babel)             in language  on input line 300.
Package babel Info: Redefining spanish shorthand "!
(babel)             in language  on input line 300.
Package babel Info: Redefining spanish shorthand "?
(babel)             in language  on input line 300.
Package babel Info: Redefining spanish shorthand <<
(babel)             in language  on input line 315.
Package babel Info: Redefining spanish shorthand >>
(babel)             in language  on input line 315.
Package babel Info: Redefining spanish shorthand "=
(babel)             in language  on input line 315.
Package babel Info: Redefining spanish shorthand "~
(babel)             in language  on input line 315.
Package babel Info: Redefining spanish shorthand "!
(babel)             in language  on input line 315.
Package babel Info: Redefining spanish shorthand "?
(babel)             in language  on input line 315.
Package babel Info: Redefining spanish shorthand <<
(babel)             in language  on input line 315.
Package babel Info: Redefining spanish shorthand >>
(babel)             in language  on input line 315.
Package babel Info: Redefining spanish shorthand "=
(babel)             in language  on input line 315.
Package babel Info: Redefining spanish shorthand "~
(babel)             in language  on input line 315.
Package babel Info: Redefining spanish shorthand "!
(babel)             in language  on input line 315.
Package babel Info: Redefining spanish shorthand "?
(babel)             in language  on input line 315.
[11]
Package babel Info: Redefining spanish shorthand <<
(babel)             in language  on input line 339.
Package babel Info: Redefining spanish shorthand >>
(babel)             in language  on input line 339.
Package babel Info: Redefining spanish shorthand "=
(babel)             in language  on input line 339.
Package babel Info: Redefining spanish shorthand "~
(babel)             in language  on input line 339.
Package babel Info: Redefining spanish shorthand "!
(babel)             in language  on input line 339.
Package babel Info: Redefining spanish shorthand "?
(babel)             in language  on input line 339.
Package babel Info: Redefining spanish shorthand <<
(babel)             in language  on input line 339.
Package babel Info: Redefining spanish shorthand >>
(babel)             in language  on input line 339.
Package babel Info: Redefining spanish shorthand "=
(babel)             in language  on input line 339.
Package babel Info: Redefining spanish shorthand "~
(babel)             in language  on input line 339.
Package babel Info: Redefining spanish shorthand "!
(babel)             in language  on input line 339.
Package babel Info: Redefining spanish shorthand "?
(babel)             in language  on input line 339.
 [12]
Package babel Info: Redefining spanish shorthand <<
(babel)             in language  on input line 342.
Package babel Info: Redefining spanish shorthand >>
(babel)             in language  on input line 342.
Package babel Info: Redefining spanish shorthand "=
(babel)             in language  on input line 342.
Package babel Info: Redefining spanish shorthand "~
(babel)             in language  on input line 342.
Package babel Info: Redefining spanish shorthand "!
(babel)             in language  on input line 342.
Package babel Info: Redefining spanish shorthand "?
(babel)             in language  on input line 342.
Package babel Info: Redefining spanish shorthand <<
(babel)             in language  on input line 363.
Package babel Info: Redefining spanish shorthand >>
(babel)             in language  on input line 363.
Package babel Info: Redefining spanish shorthand "=
(babel)             in language  on input line 363.
Package babel Info: Redefining spanish shorthand "~
(babel)             in language  on input line 363.
Package babel Info: Redefining spanish shorthand "!
(babel)             in language  on input line 363.
Package babel Info: Redefining spanish shorthand "?
(babel)             in language  on input line 363.
Package babel Info: Redefining spanish shorthand <<
(babel)             in language  on input line 363.
Package babel Info: Redefining spanish shorthand >>
(babel)             in language  on input line 363.
Package babel Info: Redefining spanish shorthand "=
(babel)             in language  on input line 363.
Package babel Info: Redefining spanish shorthand "~
(babel)             in language  on input line 363.
Package babel Info: Redefining spanish shorthand "!
(babel)             in language  on input line 363.
Package babel Info: Redefining spanish shorthand "?
(babel)             in language  on input line 363.
 [13]
Package babel Info: Redefining spanish shorthand <<
(babel)             in language  on input line 386.
Package babel Info: Redefining spanish shorthand >>
(babel)             in language  on input line 386.
Package babel Info: Redefining spanish shorthand "=
(babel)             in language  on input line 386.
Package babel Info: Redefining spanish shorthand "~
(babel)             in language  on input line 386.
Package babel Info: Redefining spanish shorthand "!
(babel)             in language  on input line 386.
Package babel Info: Redefining spanish shorthand "?
(babel)             in language  on input line 386.
Package babel Info: Redefining spanish shorthand <<
(babel)             in language  on input line 386.
Package babel Info: Redefining spanish shorthand >>
(babel)             in language  on input line 386.
Package babel Info: Redefining spanish shorthand "=
(babel)             in language  on input line 386.
Package babel Info: Redefining spanish shorthand "~
(babel)             in language  on input line 386.
Package babel Info: Redefining spanish shorthand "!
(babel)             in language  on input line 386.
Package babel Info: Redefining spanish shorthand "?
(babel)             in language  on input line 386.
 [14]
Package babel Info: Redefining spanish shorthand <<
(babel)             in language  on input line 405.
Package babel Info: Redefining spanish shorthand >>
(babel)             in language  on input line 405.
Package babel Info: Redefining spanish shorthand "=
(babel)             in language  on input line 405.
Package babel Info: Redefining spanish shorthand "~
(babel)             in language  on input line 405.
Package babel Info: Redefining spanish shorthand "!
(babel)             in language  on input line 405.
Package babel Info: Redefining spanish shorthand "?
(babel)             in language  on input line 405.
Package babel Info: Redefining spanish shorthand <<
(babel)             in language  on input line 409.
Package babel Info: Redefining spanish shorthand >>
(babel)             in language  on input line 409.
Package babel Info: Redefining spanish shorthand "=
(babel)             in language  on input line 409.
Package babel Info: Redefining spanish shorthand "~
(babel)             in language  on input line 409.
Package babel Info: Redefining spanish shorthand "!
(babel)             in language  on input line 409.
Package babel Info: Redefining spanish shorthand "?
(babel)             in language  on input line 409.

Overfull \hbox (52.09981pt too wide) in paragraph at lines 414--414
[]\OT1/cmr/bx/n/17.28 Internet Group Ma-na-ge-ment Pro-to-col (IGMP) 
 []

Package babel Info: Redefining spanish shorthand <<
(babel)             in language  on input line 414.
Package babel Info: Redefining spanish shorthand >>
(babel)             in language  on input line 414.
Package babel Info: Redefining spanish shorthand "=
(babel)             in language  on input line 414.
Package babel Info: Redefining spanish shorthand "~
(babel)             in language  on input line 414.
Package babel Info: Redefining spanish shorthand "!
(babel)             in language  on input line 414.
Package babel Info: Redefining spanish shorthand "?
(babel)             in language  on input line 414.
Package babel Info: Redefining spanish shorthand <<
(babel)             in language  on input line 416.
Package babel Info: Redefining spanish shorthand >>
(babel)             in language  on input line 416.
Package babel Info: Redefining spanish shorthand "=
(babel)             in language  on input line 416.
Package babel Info: Redefining spanish shorthand "~
(babel)             in language  on input line 416.
Package babel Info: Redefining spanish shorthand "!
(babel)             in language  on input line 416.
Package babel Info: Redefining spanish shorthand "?
(babel)             in language  on input line 416.
Package babel Info: Redefining spanish shorthand <<
(babel)             in language  on input line 420.
Package babel Info: Redefining spanish shorthand >>
(babel)             in language  on input line 420.
Package babel Info: Redefining spanish shorthand "=
(babel)             in language  on input line 420.
Package babel Info: Redefining spanish shorthand "~
(babel)             in language  on input line 420.
Package babel Info: Redefining spanish shorthand "!
(babel)             in language  on input line 420.
Package babel Info: Redefining spanish shorthand "?
(babel)             in language  on input line 420.
Package babel Info: Redefining spanish shorthand <<
(babel)             in language  on input line 420.
Package babel Info: Redefining spanish shorthand >>
(babel)             in language  on input line 420.
Package babel Info: Redefining spanish shorthand "=
(babel)             in language  on input line 420.
Package babel Info: Redefining spanish shorthand "~
(babel)             in language  on input line 420.
Package babel Info: Redefining spanish shorthand "!
(babel)             in language  on input line 420.
Package babel Info: Redefining spanish shorthand "?
(babel)             in language  on input line 420.
[15]
Package babel Info: Redefining spanish shorthand <<
(babel)             in language  on input line 421.
Package babel Info: Redefining spanish shorthand >>
(babel)             in language  on input line 421.
Package babel Info: Redefining spanish shorthand "=
(babel)             in language  on input line 421.
Package babel Info: Redefining spanish shorthand "~
(babel)             in language  on input line 421.
Package babel Info: Redefining spanish shorthand "!
(babel)             in language  on input line 421.
Package babel Info: Redefining spanish shorthand "?
(babel)             in language  on input line 421.
Package babel Info: Redefining spanish shorthand <<
(babel)             in language  on input line 429.
Package babel Info: Redefining spanish shorthand >>
(babel)             in language  on input line 429.
Package babel Info: Redefining spanish shorthand "=
(babel)             in language  on input line 429.
Package babel Info: Redefining spanish shorthand "~
(babel)             in language  on input line 429.
Package babel Info: Redefining spanish shorthand "!
(babel)             in language  on input line 429.
Package babel Info: Redefining spanish shorthand "?
(babel)             in language  on input line 429.
Package babel Info: Redefining spanish shorthand <<
(babel)             in language  on input line 434.
Package babel Info: Redefining spanish shorthand >>
(babel)             in language  on input line 434.
Package babel Info: Redefining spanish shorthand "=
(babel)             in language  on input line 434.
Package babel Info: Redefining spanish shorthand "~
(babel)             in language  on input line 434.
Package babel Info: Redefining spanish shorthand "!
(babel)             in language  on input line 434.
Package babel Info: Redefining spanish shorthand "?
(babel)             in language  on input line 434.
Package babel Info: Redefining spanish shorthand <<
(babel)             in language  on input line 440.
Package babel Info: Redefining spanish shorthand >>
(babel)             in language  on input line 440.
Package babel Info: Redefining spanish shorthand "=
(babel)             in language  on input line 440.
Package babel Info: Redefining spanish shorthand "~
(babel)             in language  on input line 440.
Package babel Info: Redefining spanish shorthand "!
(babel)             in language  on input line 440.
Package babel Info: Redefining spanish shorthand "?
(babel)             in language  on input line 440.
Package babel Info: Redefining spanish shorthand <<
(babel)             in language  on input line 440.
Package babel Info: Redefining spanish shorthand >>
(babel)             in language  on input line 440.
Package babel Info: Redefining spanish shorthand "=
(babel)             in language  on input line 440.
Package babel Info: Redefining spanish shorthand "~
(babel)             in language  on input line 440.
Package babel Info: Redefining spanish shorthand "!
(babel)             in language  on input line 440.
Package babel Info: Redefining spanish shorthand "?
(babel)             in language  on input line 440.
 [16]
Package babel Info: Redefining spanish shorthand <<
(babel)             in language  on input line 459.
Package babel Info: Redefining spanish shorthand >>
(babel)             in language  on input line 459.
Package babel Info: Redefining spanish shorthand "=
(babel)             in language  on input line 459.
Package babel Info: Redefining spanish shorthand "~
(babel)             in language  on input line 459.
Package babel Info: Redefining spanish shorthand "!
(babel)             in language  on input line 459.
Package babel Info: Redefining spanish shorthand "?
(babel)             in language  on input line 459.
Package babel Info: Redefining spanish shorthand <<
(babel)             in language  on input line 464.
Package babel Info: Redefining spanish shorthand >>
(babel)             in language  on input line 464.
Package babel Info: Redefining spanish shorthand "=
(babel)             in language  on input line 464.
Package babel Info: Redefining spanish shorthand "~
(babel)             in language  on input line 464.
Package babel Info: Redefining spanish shorthand "!
(babel)             in language  on input line 464.
Package babel Info: Redefining spanish shorthand "?
(babel)             in language  on input line 464.
Package babel Info: Redefining spanish shorthand <<
(babel)             in language  on input line 468.
Package babel Info: Redefining spanish shorthand >>
(babel)             in language  on input line 468.
Package babel Info: Redefining spanish shorthand "=
(babel)             in language  on input line 468.
Package babel Info: Redefining spanish shorthand "~
(babel)             in language  on input line 468.
Package babel Info: Redefining spanish shorthand "!
(babel)             in language  on input line 468.
Package babel Info: Redefining spanish shorthand "?
(babel)             in language  on input line 468.
Package babel Info: Redefining spanish shorthand <<
(babel)             in language  on input line 468.
Package babel Info: Redefining spanish shorthand >>
(babel)             in language  on input line 468.
Package babel Info: Redefining spanish shorthand "=
(babel)             in language  on input line 468.
Package babel Info: Redefining spanish shorthand "~
(babel)             in language  on input line 468.
Package babel Info: Redefining spanish shorthand "!
(babel)             in language  on input line 468.
Package babel Info: Redefining spanish shorthand "?
(babel)             in language  on input line 468.
 [17]
Package babel Info: Redefining spanish shorthand <<
(babel)             in language  on input line 488.
Package babel Info: Redefining spanish shorthand >>
(babel)             in language  on input line 488.
Package babel Info: Redefining spanish shorthand "=
(babel)             in language  on input line 488.
Package babel Info: Redefining spanish shorthand "~
(babel)             in language  on input line 488.
Package babel Info: Redefining spanish shorthand "!
(babel)             in language  on input line 488.
Package babel Info: Redefining spanish shorthand "?
(babel)             in language  on input line 488.
Package babel Info: Redefining spanish shorthand <<
(babel)             in language  on input line 499.
Package babel Info: Redefining spanish shorthand >>
(babel)             in language  on input line 499.
Package babel Info: Redefining spanish shorthand "=
(babel)             in language  on input line 499.
Package babel Info: Redefining spanish shorthand "~
(babel)             in language  on input line 499.
Package babel Info: Redefining spanish shorthand "!
(babel)             in language  on input line 499.
Package babel Info: Redefining spanish shorthand "?
(babel)             in language  on input line 499.
Package babel Info: Redefining spanish shorthand <<
(babel)             in language  on input line 499.
Package babel Info: Redefining spanish shorthand >>
(babel)             in language  on input line 499.
Package babel Info: Redefining spanish shorthand "=
(babel)             in language  on input line 499.
Package babel Info: Redefining spanish shorthand "~
(babel)             in language  on input line 499.
Package babel Info: Redefining spanish shorthand "!
(babel)             in language  on input line 499.
Package babel Info: Redefining spanish shorthand "?
(babel)             in language  on input line 499.
 [18]
Package babel Info: Redefining spanish shorthand <<
(babel)             in language  on input line 503.
Package babel Info: Redefining spanish shorthand >>
(babel)             in language  on input line 503.
Package babel Info: Redefining spanish shorthand "=
(babel)             in language  on input line 503.
Package babel Info: Redefining spanish shorthand "~
(babel)             in language  on input line 503.
Package babel Info: Redefining spanish shorthand "!
(babel)             in language  on input line 503.
Package babel Info: Redefining spanish shorthand "?
(babel)             in language  on input line 503.
Package babel Info: Redefining spanish shorthand <<
(babel)             in language  on input line 514.
Package babel Info: Redefining spanish shorthand >>
(babel)             in language  on input line 514.
Package babel Info: Redefining spanish shorthand "=
(babel)             in language  on input line 514.
Package babel Info: Redefining spanish shorthand "~
(babel)             in language  on input line 514.
Package babel Info: Redefining spanish shorthand "!
(babel)             in language  on input line 514.
Package babel Info: Redefining spanish shorthand "?
(babel)             in language  on input line 514.
Package babel Info: Redefining spanish shorthand <<
(babel)             in language  on input line 518.
Package babel Info: Redefining spanish shorthand >>
(babel)             in language  on input line 518.
Package babel Info: Redefining spanish shorthand "=
(babel)             in language  on input line 518.
Package babel Info: Redefining spanish shorthand "~
(babel)             in language  on input line 518.
Package babel Info: Redefining spanish shorthand "!
(babel)             in language  on input line 518.
Package babel Info: Redefining spanish shorthand "?
(babel)             in language  on input line 518.
Package babel Info: Redefining spanish shorthand <<
(babel)             in language  on input line 523.
Package babel Info: Redefining spanish shorthand >>
(babel)             in language  on input line 523.
Package babel Info: Redefining spanish shorthand "=
(babel)             in language  on input line 523.
Package babel Info: Redefining spanish shorthand "~
(babel)             in language  on input line 523.
Package babel Info: Redefining spanish shorthand "!
(babel)             in language  on input line 523.
Package babel Info: Redefining spanish shorthand "?
(babel)             in language  on input line 523.
Package babel Info: Redefining spanish shorthand <<
(babel)             in language  on input line 523.
Package babel Info: Redefining spanish shorthand >>
(babel)             in language  on input line 523.
Package babel Info: Redefining spanish shorthand "=
(babel)             in language  on input line 523.
Package babel Info: Redefining spanish shorthand "~
(babel)             in language  on input line 523.
Package babel Info: Redefining spanish shorthand "!
(babel)             in language  on input line 523.
Package babel Info: Redefining spanish shorthand "?
(babel)             in language  on input line 523.
 [19]
Package babel Info: Redefining spanish shorthand <<
(babel)             in language  on input line 536.
Package babel Info: Redefining spanish shorthand >>
(babel)             in language  on input line 536.
Package babel Info: Redefining spanish shorthand "=
(babel)             in language  on input line 536.
Package babel Info: Redefining spanish shorthand "~
(babel)             in language  on input line 536.
Package babel Info: Redefining spanish shorthand "!
(babel)             in language  on input line 536.
Package babel Info: Redefining spanish shorthand "?
(babel)             in language  on input line 536.
Package babel Info: Redefining spanish shorthand <<
(babel)             in language  on input line 546.
Package babel Info: Redefining spanish shorthand >>
(babel)             in language  on input line 546.
Package babel Info: Redefining spanish shorthand "=
(babel)             in language  on input line 546.
Package babel Info: Redefining spanish shorthand "~
(babel)             in language  on input line 546.
Package babel Info: Redefining spanish shorthand "!
(babel)             in language  on input line 546.
Package babel Info: Redefining spanish shorthand "?
(babel)             in language  on input line 546.
Package babel Info: Redefining spanish shorthand <<
(babel)             in language  on input line 546.
Package babel Info: Redefining spanish shorthand >>
(babel)             in language  on input line 546.
Package babel Info: Redefining spanish shorthand "=
(babel)             in language  on input line 546.
Package babel Info: Redefining spanish shorthand "~
(babel)             in language  on input line 546.
Package babel Info: Redefining spanish shorthand "!
(babel)             in language  on input line 546.
Package babel Info: Redefining spanish shorthand "?
(babel)             in language  on input line 546.
 [20]
Package babel Info: Redefining spanish shorthand <<
(babel)             in language  on input line 547.
Package babel Info: Redefining spanish shorthand >>
(babel)             in language  on input line 547.
Package babel Info: Redefining spanish shorthand "=
(babel)             in language  on input line 547.
Package babel Info: Redefining spanish shorthand "~
(babel)             in language  on input line 547.
Package babel Info: Redefining spanish shorthand "!
(babel)             in language  on input line 547.
Package babel Info: Redefining spanish shorthand "?
(babel)             in language  on input line 547.
Package babel Info: Redefining spanish shorthand <<
(babel)             in language  on input line 547.
Package babel Info: Redefining spanish shorthand >>
(babel)             in language  on input line 547.
Package babel Info: Redefining spanish shorthand "=
(babel)             in language  on input line 547.
Package babel Info: Redefining spanish shorthand "~
(babel)             in language  on input line 547.
Package babel Info: Redefining spanish shorthand "!
(babel)             in language  on input line 547.
Package babel Info: Redefining spanish shorthand "?
(babel)             in language  on input line 547.
 [21]
Cap\'{\i }tulo 4.
Package babel Info: Redefining spanish shorthand <<
(babel)             in language  on input line 547.
Package babel Info: Redefining spanish shorthand >>
(babel)             in language  on input line 547.
Package babel Info: Redefining spanish shorthand "=
(babel)             in language  on input line 547.
Package babel Info: Redefining spanish shorthand "~
(babel)             in language  on input line 547.
Package babel Info: Redefining spanish shorthand "!
(babel)             in language  on input line 547.
Package babel Info: Redefining spanish shorthand "?
(babel)             in language  on input line 547.
Package babel Info: Redefining spanish shorthand <<
(babel)             in language  on input line 552.
Package babel Info: Redefining spanish shorthand >>
(babel)             in language  on input line 552.
Package babel Info: Redefining spanish shorthand "=
(babel)             in language  on input line 552.
Package babel Info: Redefining spanish shorthand "~
(babel)             in language  on input line 552.
Package babel Info: Redefining spanish shorthand "!
(babel)             in language  on input line 552.
Package babel Info: Redefining spanish shorthand "?
(babel)             in language  on input line 552.
Package babel Info: Redefining spanish shorthand <<
(babel)             in language  on input line 554.
Package babel Info: Redefining spanish shorthand >>
(babel)             in language  on input line 554.
Package babel Info: Redefining spanish shorthand "=
(babel)             in language  on input line 554.
Package babel Info: Redefining spanish shorthand "~
(babel)             in language  on input line 554.
Package babel Info: Redefining spanish shorthand "!
(babel)             in language  on input line 554.
Package babel Info: Redefining spanish shorthand "?
(babel)             in language  on input line 554.
Package babel Info: Redefining spanish shorthand <<
(babel)             in language  on input line 556.
Package babel Info: Redefining spanish shorthand >>
(babel)             in language  on input line 556.
Package babel Info: Redefining spanish shorthand "=
(babel)             in language  on input line 556.
Package babel Info: Redefining spanish shorthand "~
(babel)             in language  on input line 556.
Package babel Info: Redefining spanish shorthand "!
(babel)             in language  on input line 556.
Package babel Info: Redefining spanish shorthand "?
(babel)             in language  on input line 556.
Package babel Info: Redefining spanish shorthand <<
(babel)             in language  on input line 556.
Package babel Info: Redefining spanish shorthand >>
(babel)             in language  on input line 556.
Package babel Info: Redefining spanish shorthand "=
(babel)             in language  on input line 556.
Package babel Info: Redefining spanish shorthand "~
(babel)             in language  on input line 556.
Package babel Info: Redefining spanish shorthand "!
(babel)             in language  on input line 556.
Package babel Info: Redefining spanish shorthand "?
(babel)             in language  on input line 556.
[22

]
Cap\'{\i }tulo 5.
Package babel Info: Redefining spanish shorthand <<
(babel)             in language  on input line 556.
Package babel Info: Redefining spanish shorthand >>
(babel)             in language  on input line 556.
Package babel Info: Redefining spanish shorthand "=
(babel)             in language  on input line 556.
Package babel Info: Redefining spanish shorthand "~
(babel)             in language  on input line 556.
Package babel Info: Redefining spanish shorthand "!
(babel)             in language  on input line 556.
Package babel Info: Redefining spanish shorthand "?
(babel)             in language  on input line 556.
Package babel Info: Redefining spanish shorthand <<
(babel)             in language  on input line 563.
Package babel Info: Redefining spanish shorthand >>
(babel)             in language  on input line 563.
Package babel Info: Redefining spanish shorthand "=
(babel)             in language  on input line 563.
Package babel Info: Redefining spanish shorthand "~
(babel)             in language  on input line 563.
Package babel Info: Redefining spanish shorthand "!
(babel)             in language  on input line 563.
Package babel Info: Redefining spanish shorthand "?
(babel)             in language  on input line 563.
Package babel Info: Redefining spanish shorthand <<
(babel)             in language  on input line 567.
Package babel Info: Redefining spanish shorthand >>
(babel)             in language  on input line 567.
Package babel Info: Redefining spanish shorthand "=
(babel)             in language  on input line 567.
Package babel Info: Redefining spanish shorthand "~
(babel)             in language  on input line 567.
Package babel Info: Redefining spanish shorthand "!
(babel)             in language  on input line 567.
Package babel Info: Redefining spanish shorthand "?
(babel)             in language  on input line 567.
Package babel Info: Redefining spanish shorthand <<
(babel)             in language  on input line 570.
Package babel Info: Redefining spanish shorthand >>
(babel)             in language  on input line 570.
Package babel Info: Redefining spanish shorthand "=
(babel)             in language  on input line 570.
Package babel Info: Redefining spanish shorthand "~
(babel)             in language  on input line 570.
Package babel Info: Redefining spanish shorthand "!
(babel)             in language  on input line 570.
Package babel Info: Redefining spanish shorthand "?
(babel)             in language  on input line 570.
Package babel Info: Redefining spanish shorthand <<
(babel)             in language  on input line 572.
Package babel Info: Redefining spanish shorthand >>
(babel)             in language  on input line 572.
Package babel Info: Redefining spanish shorthand "=
(babel)             in language  on input line 572.
Package babel Info: Redefining spanish shorthand "~
(babel)             in language  on input line 572.
Package babel Info: Redefining spanish shorthand "!
(babel)             in language  on input line 572.
Package babel Info: Redefining spanish shorthand "?
(babel)             in language  on input line 572.
Package babel Info: Redefining spanish shorthand <<
(babel)             in language  on input line 574.
Package babel Info: Redefining spanish shorthand >>
(babel)             in language  on input line 574.
Package babel Info: Redefining spanish shorthand "=
(babel)             in language  on input line 574.
Package babel Info: Redefining spanish shorthand "~
(babel)             in language  on input line 574.
Package babel Info: Redefining spanish shorthand "!
(babel)             in language  on input line 574.
Package babel Info: Redefining spanish shorthand "?
(babel)             in language  on input line 574.
Package babel Info: Redefining spanish shorthand <<
(babel)             in language  on input line 576.
Package babel Info: Redefining spanish shorthand >>
(babel)             in language  on input line 576.
Package babel Info: Redefining spanish shorthand "=
(babel)             in language  on input line 576.
Package babel Info: Redefining spanish shorthand "~
(babel)             in language  on input line 576.
Package babel Info: Redefining spanish shorthand "!
(babel)             in language  on input line 576.
Package babel Info: Redefining spanish shorthand "?
(babel)             in language  on input line 576.
<grafo.png, id=329, 302.8113pt x 279.6849pt>
File: grafo.png Graphic file (type png)
<use grafo.png>
Package pdftex.def Info: grafo.png  used on input line 581.
(pdftex.def)             Requested size: 195.0pt x 180.11157pt.
Package babel Info: Redefining spanish shorthand <<
(babel)             in language  on input line 586.
Package babel Info: Redefining spanish shorthand >>
(babel)             in language  on input line 586.
Package babel Info: Redefining spanish shorthand "=
(babel)             in language  on input line 586.
Package babel Info: Redefining spanish shorthand "~
(babel)             in language  on input line 586.
Package babel Info: Redefining spanish shorthand "!
(babel)             in language  on input line 586.
Package babel Info: Redefining spanish shorthand "?
(babel)             in language  on input line 586.
Package babel Info: Redefining spanish shorthand <<
(babel)             in language  on input line 590.
Package babel Info: Redefining spanish shorthand >>
(babel)             in language  on input line 590.
Package babel Info: Redefining spanish shorthand "=
(babel)             in language  on input line 590.
Package babel Info: Redefining spanish shorthand "~
(babel)             in language  on input line 590.
Package babel Info: Redefining spanish shorthand "!
(babel)             in language  on input line 590.
Package babel Info: Redefining spanish shorthand "?
(babel)             in language  on input line 590.
Package babel Info: Redefining spanish shorthand <<
(babel)             in language  on input line 590.
Package babel Info: Redefining spanish shorthand >>
(babel)             in language  on input line 590.
Package babel Info: Redefining spanish shorthand "=
(babel)             in language  on input line 590.
Package babel Info: Redefining spanish shorthand "~
(babel)             in language  on input line 590.
Package babel Info: Redefining spanish shorthand "!
(babel)             in language  on input line 590.
Package babel Info: Redefining spanish shorthand "?
(babel)             in language  on input line 590.
[23

]
Package babel Info: Redefining spanish shorthand <<
(babel)             in language  on input line 590.
Package babel Info: Redefining spanish shorthand >>
(babel)             in language  on input line 590.
Package babel Info: Redefining spanish shorthand "=
(babel)             in language  on input line 590.
Package babel Info: Redefining spanish shorthand "~
(babel)             in language  on input line 590.
Package babel Info: Redefining spanish shorthand "!
(babel)             in language  on input line 590.
Package babel Info: Redefining spanish shorthand "?
(babel)             in language  on input line 590.
Package babel Info: Redefining spanish shorthand <<
(babel)             in language  on input line 590.
Package babel Info: Redefining spanish shorthand >>
(babel)             in language  on input line 590.
Package babel Info: Redefining spanish shorthand "=
(babel)             in language  on input line 590.
Package babel Info: Redefining spanish shorthand "~
(babel)             in language  on input line 590.
Package babel Info: Redefining spanish shorthand "!
(babel)             in language  on input line 590.
Package babel Info: Redefining spanish shorthand "?
(babel)             in language  on input line 590.
 [24 <./grafo.png>]
Cap\'{\i }tulo 6.
Package babel Info: Redefining spanish shorthand <<
(babel)             in language  on input line 590.
Package babel Info: Redefining spanish shorthand >>
(babel)             in language  on input line 590.
Package babel Info: Redefining spanish shorthand "=
(babel)             in language  on input line 590.
Package babel Info: Redefining spanish shorthand "~
(babel)             in language  on input line 590.
Package babel Info: Redefining spanish shorthand "!
(babel)             in language  on input line 590.
Package babel Info: Redefining spanish shorthand "?
(babel)             in language  on input line 590.
(./D302.bbl
Package babel Info: Redefining spanish shorthand <<
(babel)             in language  on input line 2.
Package babel Info: Redefining spanish shorthand >>
(babel)             in language  on input line 2.
Package babel Info: Redefining spanish shorthand "=
(babel)             in language  on input line 2.
Package babel Info: Redefining spanish shorthand "~
(babel)             in language  on input line 2.
Package babel Info: Redefining spanish shorthand "!
(babel)             in language  on input line 2.
Package babel Info: Redefining spanish shorthand "?
(babel)             in language  on input line 2.
Package babel Info: Redefining spanish shorthand <<
(babel)             in language  on input line 2.
Package babel Info: Redefining spanish shorthand >>
(babel)             in language  on input line 2.
Package babel Info: Redefining spanish shorthand "=
(babel)             in language  on input line 2.
Package babel Info: Redefining spanish shorthand "~
(babel)             in language  on input line 2.
Package babel Info: Redefining spanish shorthand "!
(babel)             in language  on input line 2.
Package babel Info: Redefining spanish shorthand "?
(babel)             in language  on input line 2.
 [25

]
Cap\'{\i }tulo 7.
Package babel Info: Redefining spanish shorthand <<
(babel)             in language  on input line 2.
Package babel Info: Redefining spanish shorthand >>
(babel)             in language  on input line 2.
Package babel Info: Redefining spanish shorthand "=
(babel)             in language  on input line 2.
Package babel Info: Redefining spanish shorthand "~
(babel)             in language  on input line 2.
Package babel Info: Redefining spanish shorthand "!
(babel)             in language  on input line 2.
Package babel Info: Redefining spanish shorthand "?
(babel)             in language  on input line 2.
)
Package babel Info: Redefining spanish shorthand <<
(babel)             in language  on input line 608.
Package babel Info: Redefining spanish shorthand >>
(babel)             in language  on input line 608.
Package babel Info: Redefining spanish shorthand "=
(babel)             in language  on input line 608.
Package babel Info: Redefining spanish shorthand "~
(babel)             in language  on input line 608.
Package babel Info: Redefining spanish shorthand "!
(babel)             in language  on input line 608.
Package babel Info: Redefining spanish shorthand "?
(babel)             in language  on input line 608.
Package babel Info: Redefining spanish shorthand <<
(babel)             in language  on input line 608.
Package babel Info: Redefining spanish shorthand >>
(babel)             in language  on input line 608.
Package babel Info: Redefining spanish shorthand "=
(babel)             in language  on input line 608.
Package babel Info: Redefining spanish shorthand "~
(babel)             in language  on input line 608.
Package babel Info: Redefining spanish shorthand "!
(babel)             in language  on input line 608.
Package babel Info: Redefining spanish shorthand "?
(babel)             in language  on input line 608.
 [26

]
Ap\'{e}ndice A.
Package babel Info: Redefining spanish shorthand <<
(babel)             in language  on input line 608.
Package babel Info: Redefining spanish shorthand >>
(babel)             in language  on input line 608.
Package babel Info: Redefining spanish shorthand "=
(babel)             in language  on input line 608.
Package babel Info: Redefining spanish shorthand "~
(babel)             in language  on input line 608.
Package babel Info: Redefining spanish shorthand "!
(babel)             in language  on input line 608.
Package babel Info: Redefining spanish shorthand "?
(babel)             in language  on input line 608.
Package babel Info: Redefining spanish shorthand <<
(babel)             in language  on input line 612.
Package babel Info: Redefining spanish shorthand >>
(babel)             in language  on input line 612.
Package babel Info: Redefining spanish shorthand "=
(babel)             in language  on input line 612.
Package babel Info: Redefining spanish shorthand "~
(babel)             in language  on input line 612.
Package babel Info: Redefining spanish shorthand "!
(babel)             in language  on input line 612.
Package babel Info: Redefining spanish shorthand "?
(babel)             in language  on input line 612.
Package babel Info: Redefining spanish shorthand <<
(babel)             in language  on input line 616.
Package babel Info: Redefining spanish shorthand >>
(babel)             in language  on input line 616.
Package babel Info: Redefining spanish shorthand "=
(babel)             in language  on input line 616.
Package babel Info: Redefining spanish shorthand "~
(babel)             in language  on input line 616.
Package babel Info: Redefining spanish shorthand "!
(babel)             in language  on input line 616.
Package babel Info: Redefining spanish shorthand "?
(babel)             in language  on input line 616.
Package babel Info: Redefining spanish shorthand <<
(babel)             in language  on input line 620.
Package babel Info: Redefining spanish shorthand >>
(babel)             in language  on input line 620.
Package babel Info: Redefining spanish shorthand "=
(babel)             in language  on input line 620.
Package babel Info: Redefining spanish shorthand "~
(babel)             in language  on input line 620.
Package babel Info: Redefining spanish shorthand "!
(babel)             in language  on input line 620.
Package babel Info: Redefining spanish shorthand "?
(babel)             in language  on input line 620.
Package babel Info: Redefining spanish shorthand <<
(babel)             in language  on input line 620.
Package babel Info: Redefining spanish shorthand >>
(babel)             in language  on input line 620.
Package babel Info: Redefining spanish shorthand "=
(babel)             in language  on input line 620.
Package babel Info: Redefining spanish shorthand "~
(babel)             in language  on input line 620.
Package babel Info: Redefining spanish shorthand "!
(babel)             in language  on input line 620.
Package babel Info: Redefining spanish shorthand "?
(babel)             in language  on input line 620.
[27

]
Ap\'{e}ndice B.
Package babel Info: Redefining spanish shorthand <<
(babel)             in language  on input line 620.
Package babel Info: Redefining spanish shorthand >>
(babel)             in language  on input line 620.
Package babel Info: Redefining spanish shorthand "=
(babel)             in language  on input line 620.
Package babel Info: Redefining spanish shorthand "~
(babel)             in language  on input line 620.
Package babel Info: Redefining spanish shorthand "!
(babel)             in language  on input line 620.
Package babel Info: Redefining spanish shorthand "?
(babel)             in language  on input line 620.
Package atveryend Info: Empty hook `BeforeClearDocument' on input line 630.
Package babel Info: Redefining spanish shorthand <<
(babel)             in language  on input line 630.
Package babel Info: Redefining spanish shorthand >>
(babel)             in language  on input line 630.
Package babel Info: Redefining spanish shorthand "=
(babel)             in language  on input line 630.
Package babel Info: Redefining spanish shorthand "~
(babel)             in language  on input line 630.
Package babel Info: Redefining spanish shorthand "!
(babel)             in language  on input line 630.
Package babel Info: Redefining spanish shorthand "?
(babel)             in language  on input line 630.
Package babel Info: Redefining spanish shorthand <<
(babel)             in language  on input line 630.
Package babel Info: Redefining spanish shorthand >>
(babel)             in language  on input line 630.
Package babel Info: Redefining spanish shorthand "=
(babel)             in language  on input line 630.
Package babel Info: Redefining spanish shorthand "~
(babel)             in language  on input line 630.
Package babel Info: Redefining spanish shorthand "!
(babel)             in language  on input line 630.
Package babel Info: Redefining spanish shorthand "?
(babel)             in language  on input line 630.
[28

]
Package atveryend Info: Empty hook `AfterLastShipout' on input line 630.
 (./D302.aux
LaTeX Info: Redefining \. on input line 23.
LaTeX Info: Redefining \% on input line 23.
)
Package atveryend Info: Executing hook `AtVeryEndDocument' on input line 630.
Package atveryend Info: Executing hook `AtEndAfterFileList' on input line 630.


Package rerunfilecheck Warning: File `D302.out' has changed.
(rerunfilecheck)                Rerun to get outlines right
(rerunfilecheck)                or use package `bookmark'.

Package rerunfilecheck Info: Checksums for `D302.out':
(rerunfilecheck)             Before: 4833C5ED8A85E3BD4E98B1DB722FDAD5;5642
(rerunfilecheck)             After:  A3F5D0A336E5061F7569DCDDB89E4CC0;6652.

LaTeX Warning: Label(s) may have changed. Rerun to get cross-references right.

Package atveryend Info: Empty hook `AtVeryVeryEnd' on input line 630.
 ) 
Here is how much of TeX's memory you used:
 13110 strings out of 492649
 182041 string characters out of 6129623
 377082 words of memory out of 5000000
 16755 multiletter control sequences out of 15000+600000
 11069 words of font info for 41 fonts, out of 8000000 for 9000
 1141 hyphenation exceptions out of 8191
 32i,12n,52p,749b,688s stack positions out of 5000i,500n,10000p,200000b,80000s
</usr/local/texlive/2018/texmf-dist/fonts/type1/public/amsfonts/cm/cmbx12.pfb
></usr/local/texlive/2018/texmf-dist/fonts/type1/public/amsfonts/cm/cmmi12.pfb>
</usr/local/texlive/2018/texmf-dist/fonts/type1/public/amsfonts/cm/cmr12.pfb></
usr/local/texlive/2018/texmf-dist/fonts/type1/public/amsfonts/cm/cmr17.pfb></us
r/local/texlive/2018/texmf-dist/fonts/type1/public/amsfonts/cm/cmti12.pfb>
Output written on D302.pdf (28 pages, 138764 bytes).
PDF statistics:
 404 PDF objects out of 1000 (max. 8388607)
 363 compressed objects within 4 object streams
 93 named destinations out of 1000 (max. 500000)
 318 words of extra memory for PDF output out of 10000 (max. 10000000)

