\BOOKMARK [0][-]{chapter.1}{\376\377\000I\000n\000t\000r\000o\000d\000u\000c\000c\000i\000\363\000n}{}% 1
\BOOKMARK [1][-]{section.1.1}{\376\377\000E\000j\000e\000m\000p\000l\000o\000\040\000d\000e\000\040\000S\000e\000c\000c\000i\000\363\000n}{chapter.1}% 2
\BOOKMARK [1][-]{section.1.2}{\376\377\000O\000t\000r\000a\000\040\000s\000e\000c\000c\000i\000\363\000n}{chapter.1}% 3
\BOOKMARK [2][-]{subsection.1.2.1}{\376\377\000S\000u\000b\000s\000e\000c\000c\000i\000\363\000n}{section.1.2}% 4
\BOOKMARK [3][-]{subsubsection.1.2.1.1}{\376\377\000S\000u\000b\000s\000u\000b\000s\000e\000c\000c\000i\000\363\000n}{subsection.1.2.1}% 5
\BOOKMARK [2][-]{subsection.1.2.2}{\376\377\000S\000u\000b\000s\000e\000c\000c\000i\000\363\000n}{section.1.2}% 6
\BOOKMARK [0][-]{chapter.2}{\376\377\000O\000b\000j\000e\000t\000i\000v\000o\000s}{}% 7
\BOOKMARK [1][-]{section.2.1}{\376\377\000O\000b\000j\000e\000t\000i\000v\000o\000s\000\040\000g\000e\000n\000e\000r\000a\000l\000e\000s}{chapter.2}% 8
\BOOKMARK [1][-]{section.2.2}{\376\377\000O\000b\000j\000e\000t\000i\000v\000o\000s\000\040\000e\000s\000p\000e\000c\000\355\000f\000i\000c\000o\000s}{chapter.2}% 9
\BOOKMARK [0][-]{chapter.3}{\376\377\000M\000a\000r\000c\000o\000\040\000T\000e\000\363\000r\000i\000c\000o}{}% 10
\BOOKMARK [1][-]{section.3.1}{\376\377\000S\000o\000f\000t\000w\000a\000r\000e\000\040\000D\000e\000f\000i\000n\000e\000d\000\040\000N\000e\000t\000w\000o\000r\000k\000i\000n\000g}{chapter.3}% 11
\BOOKMARK [1][-]{section.3.2}{\376\377\000O\000p\000e\000n\000f\000l\000o\000w}{chapter.3}% 12
\BOOKMARK [1][-]{section.3.3}{\376\377\000M\000u\000l\000t\000i\000c\000a\000s\000t}{chapter.3}% 13
\BOOKMARK [2][-]{subsection.3.3.1}{\376\377\000M\000u\000l\000t\000i\000c\000a\000s\000t\000\040\000e\000n\000\040\000C\000a\000p\000a\000\040\0002}{section.3.3}% 14
\BOOKMARK [2][-]{subsection.3.3.2}{\376\377\000M\000u\000l\000t\000i\000c\000a\000s\000t\000\040\000e\000n\000\040\000C\000a\000p\000a\000\040\0003\000:\000\040\000I\000P\000\040\000M\000u\000l\000t\000i\000c\000a\000s\000t}{section.3.3}% 15
\BOOKMARK [1][-]{section.3.4}{\376\377\000I\000n\000t\000e\000r\000n\000e\000t\000\040\000G\000r\000o\000u\000p\000\040\000M\000a\000n\000a\000g\000e\000m\000e\000n\000t\000\040\000P\000r\000o\000t\000o\000c\000o\000l\000\040\000\050\000I\000G\000M\000P\000\051}{chapter.3}% 16
\BOOKMARK [2][-]{subsection.3.4.1}{\376\377\000I\000G\000M\000P\000v\0001}{section.3.4}% 17
\BOOKMARK [2][-]{subsection.3.4.2}{\376\377\000I\000G\000M\000P\000v\0002}{section.3.4}% 18
\BOOKMARK [2][-]{subsection.3.4.3}{\376\377\000I\000G\000M\000P\000v\0003}{section.3.4}% 19
\BOOKMARK [2][-]{subsection.3.4.4}{\376\377\000P\000r\000o\000t\000o\000c\000o\000l\000o\000s\000\040\000d\000e\000\040\000e\000n\000r\000u\000t\000a\000m\000i\000e\000n\000t\000o}{section.3.4}% 20
\BOOKMARK [1][-]{section.3.5}{\376\377\000P\000r\000o\000t\000o\000c\000o\000l\000\040\000I\000n\000d\000e\000p\000e\000n\000d\000e\000n\000t\000\040\000M\000u\000l\000t\000i\000c\000a\000s\000t\000\040\000\050\000P\000I\000M\000\051}{chapter.3}% 21
\BOOKMARK [2][-]{subsection.3.5.1}{\376\377\000P\000I\000M\000\040\000S\000p\000a\000r\000s\000e\000\040\000M\000o\000d\000e}{section.3.5}% 22
\BOOKMARK [2][-]{subsection.3.5.2}{\376\377\000P\000I\000M\000\040\000D\000e\000n\000s\000e\000\040\000M\000o\000d\000e}{section.3.5}% 23
\BOOKMARK [2][-]{subsection.3.5.3}{\376\377\000M\000o\000d\000e\000l\000o\000s\000\040\000d\000e\000\040\000c\000o\000m\000u\000i\000c\000a\000c\000i\000\363\000n}{section.3.5}% 24
\BOOKMARK [1][-]{section.3.6}{\376\377\000O\000p\000e\000n\000\040\000v\000S\000w\000i\000t\000c\000h}{chapter.3}% 25
\BOOKMARK [1][-]{section.3.7}{\376\377\000M\000i\000n\000i\000n\000e\000t}{chapter.3}% 26
\BOOKMARK [1][-]{section.3.8}{\376\377\000C\000o\000n\000t\000r\000o\000l\000a\000d\000o\000r\000\040\000R\000Y\000U}{chapter.3}% 27
\BOOKMARK [0][-]{chapter.4}{\376\377\000P\000l\000a\000n\000\040\000d\000e\000\040\000e\000j\000e\000c\000u\000c\000i\000\363\000n\000\040\000y\000\040\000l\000e\000c\000c\000i\000o\000n\000e\000s\000\040\000a\000p\000r\000e\000n\000d\000i\000d\000a\000s\000.}{}% 28
\BOOKMARK [1][-]{section.4.1}{\376\377\000P\000l\000a\000n\000\040\000d\000e\000\040\000e\000j\000e\000c\000u\000c\000i\000\363\000n\000.}{chapter.4}% 29
\BOOKMARK [1][-]{section.4.2}{\376\377\000L\000e\000c\000c\000i\000o\000n\000e\000s\000\040\000a\000p\000r\000e\000n\000d\000i\000d\000a\000s\000.}{chapter.4}% 30
\BOOKMARK [0][-]{chapter.5}{\376\377\000O\000t\000r\000o\000\040\000C\000a\000p\000\355\000t\000u\000l\000o}{}% 31
\BOOKMARK [1][-]{section.5.1}{\376\377\000S\000o\000f\000t\000w\000a\000r\000e\000\040\000d\000e\000s\000a\000r\000r\000o\000l\000l\000a\000d\000o\000.}{chapter.5}% 32
\BOOKMARK [2][-]{subsection.5.1.1}{\376\377\000D\000e\000s\000a\000r\000r\000o\000l\000l\000o\000\040\000d\000e\000l\000\040\000C\000o\000n\000t\000r\000o\000l\000a\000d\000o\000r\000.}{section.5.1}% 33
\BOOKMARK [3][-]{subsubsection.5.1.1.1}{\376\377\000U\000s\000o\000\040\000d\000e\000\040\000L\000i\000b\000r\000e\000r\000\355\000a\000\040\000i\000g\000m\000p\000.\000p\000y\000.}{subsection.5.1.1}% 34
\BOOKMARK [3][-]{subsubsection.5.1.1.2}{\376\377\000D\000e\000s\000a\000r\000r\000o\000l\000l\000o\000\040\000p\000a\000r\000a\000l\000e\000l\000o\000\040\000a\000\040\000i\000g\000m\000p\000l\000i\000b\000.\000p\000y\000.}{subsection.5.1.1}% 35
\BOOKMARK [3][-]{subsubsection.5.1.1.3}{\376\377\000U\000s\000o\000\040\000d\000e\000\040\000L\000i\000b\000r\000e\000r\000\355\000a\000\040\000I\000G\000M\000P\000.}{subsection.5.1.1}% 36
\BOOKMARK [1][-]{section.5.2}{\376\377\000O\000t\000r\000a\000\040\000S\000e\000c\000c\000i\000\363\000n}{chapter.5}% 37
\BOOKMARK [2][-]{subsection.5.2.1}{\376\377\000U\000n\000a\000\040\000S\000u\000b\000s\000e\000c\000c\000i\000\363\000n}{section.5.2}% 38
\BOOKMARK [0][-]{chapter.6}{\376\377\000C\000o\000n\000c\000l\000u\000s\000i\000o\000n\000e\000s}{}% 39
\BOOKMARK [0][-]{chapter.7}{\376\377\000B\000i\000b\000l\000i\000o\000g\000r\000a\000f\000\355\000a}{}% 40
\BOOKMARK [0][-]{appendix.Alph1}{\376\377\000N\000o\000m\000b\000r\000e\000\040\000d\000e\000l\000\040\000A\000p\000\351\000n\000d\000i\000c\000e\000\040\0001}{}% 41
\BOOKMARK [1][-]{section.Alph1.1}{\376\377\000U\000n\000a\000\040\000S\000e\000c\000c\000i\000\363\000n}{appendix.Alph1}% 42
\BOOKMARK [2][-]{subsection.Alph1.1.1}{\376\377\000U\000n\000a\000\040\000S\000u\000b\000s\000e\000c\000c\000i\000\363\000n}{section.Alph1.1}% 43
\BOOKMARK [0][-]{appendix.Alph2}{\376\377\000N\000o\000m\000b\000r\000e\000\040\000d\000e\000l\000\040\000A\000p\000\351\000n\000d\000i\000c\000e\000\040\0002}{}% 44
